server listen on :3000
(node:5974) DeprecationWarning: current Server Discovery and Monitoring engine is deprecated, and will be removed in a future version. To use the new Server Discover and Monitoring engine, pass option { useUnifiedTopology: true } to the MongoClient constructor.
(Use `node --trace-deprecation ...` to show where the warning was created)
Connected successfully to MongoDB server
Connected successfully to MongoDB server
[0mGET / [32m200 [0m10.309 ms - 4574[0m
[0mGET /stylesheets/style.css [36m304 [0m1.590 ms - -[0m
[0mGET /stylesheets/colorbox.css [32m200 [0m2.180 ms - 4488[0m
[0mGET /javascripts/Threejs-test1.js [36m304 [0m0.410 ms - -[0m
[0mGET /javascripts/OrbitControls.js [36m304 [0m0.366 ms - -[0m
[0mGET /build/three.module.js [36m304 [0m0.365 ms - -[0m
[0mGET /javascripts/jquery.colorbox-min.js [33m404 [0m2.063 ms - 913[0m
[0mGET /javascripts/jquery.colorbox-ja.js [33m404 [0m2.016 ms - 913[0m
[0mGET /javascripts/test-2.js [36m304 [0m2.124 ms - -[0m
[0mGET /images/cyber-city.jpg [36m304 [0m2.236 ms - -[0m
[0mGET /javascripts/jquery.colorbox-min.js [33m404 [0m1.018 ms - 913[0m
[0mGET /javascripts/jquery.colorbox-ja.js [33m404 [0m0.979 ms - 913[0m
[0mGET /board [32m200 [0m0.712 ms - -[0m
[0mGET /board [32m200 [0m0.560 ms - -[0m
[0mGET /board [32m200 [0m0.473 ms - -[0m
server listen on :3000
(node:6020) DeprecationWarning: current Server Discovery and Monitoring engine is deprecated, and will be removed in a future version. To use the new Server Discover and Monitoring engine, pass option { useUnifiedTopology: true } to the MongoClient constructor.
(Use `node --trace-deprecation ...` to show where the warning was created)
Port 3000 is already in use
[0mGET / [36m304 [0m1.928 ms - -[0m
[0mGET /stylesheets/style.css [36m304 [0m1.054 ms - -[0m
[0mGET /stylesheets/colorbox.css [36m304 [0m1.029 ms - -[0m
[0mGET /javascripts/Threejs-test1.js [36m304 [0m0.384 ms - -[0m
[0mGET /javascripts/OrbitControls.js [36m304 [0m0.586 ms - -[0m
[0mGET /build/three.module.js [36m304 [0m0.375 ms - -[0m
[0mGET /javascripts/jquery.colorbox-min.js [32m200 [0m1.207 ms - 11960[0m
[0mGET /javascripts/test-2.js [36m304 [0m1.025 ms - -[0m
[0mGET /images/cyber-city.jpg [36m304 [0m0.392 ms - -[0m
[0mGET /javascripts/jquery.colorbox-ja.js [32m200 [0m0.564 ms - 465[0m
[0mGET /images/border.png [32m200 [0m2.091 ms - 76[0m
[0mGET /images/loading.gif [32m200 [0m2.203 ms - 8685[0m
[0mGET /images/controls.png [32m200 [0m2.319 ms - 1261[0m
[0mGET /images/loading_background.png [32m200 [0m2.442 ms - 131[0m
[0mGET /images/overlay.png [32m200 [0m0.517 ms - 115[0m
[0mGET /board [32m200 [0m0.456 ms - -[0m
[0mGET /board [32m200 [0m0.456 ms - -[0m
[0mGET /up [31m500 [0m1.574 ms - 982[0m
[0mGET /favicon.ico [33m404 [0m1.005 ms - 913[0m
[0mGET /up [31m500 [0m0.996 ms - 982[0m
[0mGET / [32m200 [0m1.235 ms - 4574[0m
[0mGET /stylesheets/style.css [36m304 [0m0.458 ms - -[0m
[0mGET /stylesheets/colorbox.css [32m200 [0m0.579 ms - 4488[0m
[0mGET /javascripts/test-2.js [32m200 [0m1.604 ms - 1250[0m
[0mGET /javascripts/jquery.colorbox-min.js [32m200 [0m0.487 ms - 11960[0m
[0mGET /javascripts/jquery.colorbox-ja.js [32m200 [0m0.484 ms - 465[0m
[0mGET /javascripts/OrbitControls.js [32m200 [0m0.510 ms - 25402[0m
[0mGET /javascripts/Threejs-test1.js [32m200 [0m0.518 ms - 12882[0m
[0mGET /images/cyber-city.jpg [36m304 [0m0.348 ms - -[0m
[0mGET /build/three.module.js [32m200 [0m0.626 ms - 1150027[0m
[0mGET /images/border.png [32m200 [0m2.255 ms - 76[0m
[0mGET /images/loading_background.png [32m200 [0m2.442 ms - 131[0m
[0mGET /images/controls.png [32m200 [0m2.470 ms - 1261[0m
[0mGET /images/loading.gif [32m200 [0m2.131 ms - 8685[0m
[0mGET /images/overlay.png [32m200 [0m0.565 ms - 115[0m
[0mGET /board [32m200 [0m0.485 ms - -[0m
[0mGET /billboard [32m200 [0m1.526 ms - 7110[0m
[0mGET /stylesheets/style.css [36m304 [0m0.506 ms - -[0m
[0mGET /javascripts/3DMLoader.js [32m200 [0m0.630 ms - 29852[0m
[0mGET /javascripts/OrbitControls.js [36m304 [0m0.778 ms - -[0m
[0mGET /build/three.module.js [36m304 [0m0.822 ms - -[0m
[0mGET /images/cyber-city.jpg [36m304 [0m0.497 ms - -[0m
[0mGET /models/square.3dm [32m200 [0m0.547 ms - 565253[0m
[0mGET /javascripts/rhino3dm.js [32m200 [0m0.552 ms - 141901[0m
[0mGET /javascripts/rhino3dm.wasm [32m200 [0m0.672 ms - 2700760[0m
[0mGET /webgl [32m200 [0m1.260 ms - 5103[0m
[0mGET /stylesheets/style.css [36m304 [0m0.450 ms - -[0m
[0mGET /javascripts/3DMLoader.js [36m304 [0m1.375 ms - -[0m
[0mGET /javascripts/OrbitControls.js [36m304 [0m1.326 ms - -[0m
[0mGET /build/three.module.js [36m304 [0m1.305 ms - -[0m
[0mGET /javascripts/dat.gui.module.js [32m200 [0m0.678 ms - 85463[0m
[0mGET /models/Rhino_Logo.3dm [32m200 [0m0.655 ms - 2318920[0m
[0mGET /scripts/rhino3dm.wasm [33m404 [0m1.042 ms - 913[0m
[0mGET /scripts/rhino3dm.js [33m404 [0m0.772 ms - 913[0m
[0mGET /game [32m200 [0m1.158 ms - 2092[0m
[0mGET /socket.io/socket.io.js [33m404 [0m1.063 ms - 913[0m
[0mGET /images/player.gif [32m200 [0m2.212 ms - 1144[0m
[0mGET /javascripts/chat.js [32m200 [0m2.289 ms - 3600[0m
[0mGET /javascripts/game.js [32m200 [0m2.432 ms - 8932[0m
[0mGET /stylesheets/style.css [36m304 [0m0.479 ms - -[0m
[0mGET /javascripts/three.js [32m200 [0m2.320 ms - 1285558[0m
[0mGET /board [32m200 [0m0.468 ms - -[0m
[0mGET / [32m200 [0m1.009 ms - 4574[0m
[0mGET / [32m200 [0m1.819 ms - 4574[0m
[0mGET /stylesheets/colorbox.css [32m200 [0m0.572 ms - 4488[0m
[0mGET /stylesheets/style.css [36m304 [0m0.341 ms - -[0m
[0mGET /javascripts/Threejs-test1.js [32m200 [0m1.540 ms - 12882[0m
[0mGET /javascripts/test-2.js [32m200 [0m1.571 ms - 1250[0m
[0mGET /javascripts/jquery.colorbox-min.js [32m200 [0m1.596 ms - 11960[0m
[0mGET /javascripts/jquery.colorbox-ja.js [32m200 [0m0.534 ms - 465[0m
[0mGET /javascripts/OrbitControls.js [32m200 [0m0.464 ms - 25402[0m
[0mGET /images/cyber-city.jpg [36m304 [0m0.328 ms - -[0m
[0mGET /build/three.module.js [32m200 [0m0.446 ms - 1150027[0m
[0mGET / [36m304 [0m1.046 ms - -[0m
[0mGET / [36m304 [0m1.047 ms - -[0m
[0mGET /stylesheets/style.css [36m304 [0m0.463 ms - -[0m
[0mGET /javascripts/test-2.js [36m304 [0m0.384 ms - -[0m
[0mGET /stylesheets/style.css [36m304 [0m0.687 ms - -[0m
[0mGET /stylesheets/colorbox.css [36m304 [0m0.620 ms - -[0m
[0mGET /javascripts/Threejs-test1.js [36m304 [0m0.382 ms - -[0m
[0mGET /stylesheets/colorbox.css [36m304 [0m0.308 ms - -[0m
[0mGET /javascripts/Threejs-test1.js [36m304 [0m0.634 ms - -[0m
[0mGET /javascripts/test-2.js [36m304 [0m0.600 ms - -[0m
[0mGET /javascripts/OrbitControls.js [36m304 [0m0.342 ms - -[0m
[0mGET /javascripts/jquery.colorbox-ja.js [36m304 [0m0.303 ms - -[0m
[0mGET /javascripts/jquery.colorbox-min.js [36m304 [0m0.305 ms - -[0m
[0mGET /javascripts/OrbitControls.js [36m304 [0m0.323 ms - -[0m
[0mGET /javascripts/jquery.colorbox-min.js [36m304 [0m3.533 ms - -[0m
[0mGET /javascripts/jquery.colorbox-ja.js [36m304 [0m0.943 ms - -[0m
[0mGET /build/three.module.js [36m304 [0m1.056 ms - -[0m
[0mGET /build/three.module.js [36m304 [0m0.299 ms - -[0m
[0mGET /images/cyber-city.jpg [36m304 [0m0.638 ms - -[0m
[0mGET /images/cyber-city.jpg [36m304 [0m1.698 ms - -[0m
[0mGET /favicon.ico [33m404 [0m0.932 ms - 913[0m
[0mGET /favicon.ico [33m404 [0m0.706 ms - 913[0m
[0mGET /images/border.png [32m200 [0m1.406 ms - 76[0m
[0mGET /images/controls.png [32m200 [0m1.446 ms - 1261[0m
[0mGET /images/loading_background.png [32m200 [0m1.311 ms - 131[0m
[0mGET /images/loading.gif [32m200 [0m0.421 ms - 8685[0m
[0mGET /images/overlay.png [32m200 [0m0.579 ms - 115[0m
[0mGET /board [32m200 [0m0.449 ms - -[0m
[0mGET / [32m200 [0m0.992 ms - 4574[0m
[0mGET /apple-touch-icon-precomposed.png [33m404 [0m0.964 ms - 913[0m
[0mGET /apple-touch-icon.png [33m404 [0m0.982 ms - 913[0m
[0mGET /favicon.ico [33m404 [0m0.932 ms - 913[0m
[0mGET /apple-touch-icon-precomposed.png [33m404 [0m0.941 ms - 913[0m
[0mGET /apple-touch-icon.png [33m404 [0m0.922 ms - 913[0m
[0mGET /favicon.ico [33m404 [0m0.964 ms - 913[0m
[0mGET / [32m200 [0m1.002 ms - 4574[0m
[0mGET /apple-touch-icon-precomposed.png [33m404 [0m0.883 ms - 913[0m
[0mGET /apple-touch-icon.png [33m404 [0m1.005 ms - 913[0m
[0mGET /favicon.ico [33m404 [0m0.896 ms - 913[0m
[0mGET /apple-touch-icon-precomposed.png [33m404 [0m1.031 ms - 913[0m
[0mGET /apple-touch-icon.png [33m404 [0m0.935 ms - 913[0m
[0mGET /favicon.ico [33m404 [0m0.997 ms - 913[0m
[0mGET / [36m304 [0m1.047 ms - -[0m
[0mGET /stylesheets/style.css [36m304 [0m0.419 ms - -[0m
[0mGET /javascripts/test-2.js [36m304 [0m0.456 ms - -[0m
[0mGET /javascripts/OrbitControls.js [36m304 [0m0.673 ms - -[0m
[0mGET /stylesheets/colorbox.css [36m304 [0m0.631 ms - -[0m
[0mGET /javascripts/Threejs-test1.js [36m304 [0m0.647 ms - -[0m
[0mGET /javascripts/jquery.colorbox-ja.js [36m304 [0m0.609 ms - -[0m
[0mGET /javascripts/jquery.colorbox-min.js [36m304 [0m0.621 ms - -[0m
[0mGET /build/three.module.js [36m304 [0m0.606 ms - -[0m
[0mGET /images/cyber-city.jpg [36m304 [0m0.327 ms - -[0m
[0mGET / [32m200 [0m0.979 ms - 4574[0m
[0mGET /stylesheets/style.css [36m304 [0m0.380 ms - -[0m
[0mGET /javascripts/Threejs-test1.js [36m304 [0m0.298 ms - -[0m
[0mGET /stylesheets/colorbox.css [36m304 [0m0.312 ms - -[0m
[0mGET /javascripts/OrbitControls.js [36m304 [0m0.636 ms - -[0m
[0mGET /javascripts/test-2.js [36m304 [0m0.631 ms - -[0m
[0mGET /build/three.module.js [36m304 [0m0.328 ms - -[0m
[0mGET /javascripts/jquery.colorbox-ja.js [36m304 [0m0.306 ms - -[0m
[0mGET /javascripts/jquery.colorbox-min.js [36m304 [0m0.293 ms - -[0m
[0mGET /images/cyber-city.jpg [36m304 [0m0.293 ms - -[0m
[0mGET / [32m200 [0m0.976 ms - 4574[0m
[0mGET /stylesheets/style.css [36m304 [0m0.763 ms - -[0m
[0mGET /stylesheets/colorbox.css [36m304 [0m0.705 ms - -[0m
[0mGET /javascripts/Threejs-test1.js [36m304 [0m0.309 ms - -[0m
[0mGET /build/three.module.js [36m304 [0m0.310 ms - -[0m
[0mGET /javascripts/test-2.js [36m304 [0m0.301 ms - -[0m
[0mGET /javascripts/jquery.colorbox-ja.js [36m304 [0m0.636 ms - -[0m
[0mGET /javascripts/jquery.colorbox-min.js [36m304 [0m0.588 ms - -[0m
[0mGET /javascripts/OrbitControls.js [36m304 [0m0.291 ms - -[0m
[0mGET /images/cyber-city.jpg [36m304 [0m1.257 ms - -[0m
[0mGET /billboard [36m304 [0m1.403 ms - -[0m
[0mGET /stylesheets/style.css [36m304 [0m0.476 ms - -[0m
[0mGET /build/three.module.js [36m304 [0m0.872 ms - -[0m
[0mGET /javascripts/3DMLoader.js [36m304 [0m0.818 ms - -[0m
[0mGET /javascripts/OrbitControls.js [36m304 [0m0.300 ms - -[0m
[0mGET /images/cyber-city.jpg [36m304 [0m0.753 ms - -[0m
[0mGET /models/square.3dm [36m304 [0m0.711 ms - -[0m
[0mGET /javascripts/rhino3dm.js [36m304 [0m0.420 ms - -[0m
[0mGET /javascripts/rhino3dm.wasm [36m304 [0m0.372 ms - -[0m
[0mGET / [32m200 [0m1.011 ms - 4574[0m
[0mGET /stylesheets/style.css [32m200 [0m1.849 ms - 1720[0m
[0mGET /javascripts/jquery.colorbox-ja.js [32m200 [0m12.533 ms - 465[0m
[0mGET /javascripts/OrbitControls.js [32m200 [0m12.442 ms - 25402[0m
[0mGET /javascripts/jquery.colorbox-min.js [32m200 [0m12.365 ms - 11960[0m
[0mGET /javascripts/test-2.js [32m200 [0m12.289 ms - 1250[0m
[0mGET /javascripts/Threejs-test1.js [32m200 [0m7.958 ms - 12882[0m
[0mGET /stylesheets/colorbox.css [32m200 [0m8.006 ms - 4488[0m
[0mGET /images/cyber-city.jpg [32m200 [0m7.349 ms - 589946[0m
[0mGET /build/three.module.js [32m200 [0m12.532 ms - 1150027[0m
[0mGET /favicon.ico [33m404 [0m1.074 ms - 913[0m
[0mGET /apple-touch-icon-precomposed.png [33m404 [0m0.912 ms - 913[0m
[0mGET /apple-touch-icon.png [33m404 [0m2.079 ms - 913[0m
[0mGET /board [32m200 [0m0.431 ms - -[0m
[0mGET /favicon.ico [33m404 [0m0.915 ms - 913[0m
[0mGET /images/border.png [32m200 [0m1.227 ms - 76[0m
[0mGET /images/controls.png [32m200 [0m0.919 ms - 1261[0m
[0mGET /images/overlay.png [32m200 [0m0.414 ms - 115[0m
[0mGET /images/loading_background.png [32m200 [0m0.831 ms - 131[0m
[0mGET /images/loading.gif [32m200 [0m0.873 ms - 8685[0m
[0mGET /board [32m200 [0m0.406 ms - -[0m
[0mGET /billboard [36m304 [0m2.085 ms - -[0m
[0mGET /javascripts/3DMLoader.js [36m304 [0m0.356 ms - -[0m
[0mGET /build/three.module.js [36m304 [0m0.424 ms - -[0m
[0mGET /stylesheets/style.css [36m304 [0m0.326 ms - -[0m
[0mGET /javascripts/OrbitControls.js [36m304 [0m0.288 ms - -[0m
[0mGET /models/square.3dm [36m304 [0m0.424 ms - -[0m
[0mGET /images/cyber-city.jpg [36m304 [0m0.286 ms - -[0m
[0mGET /javascripts/rhino3dm.js [36m304 [0m0.434 ms - -[0m
[0mGET /javascripts/rhino3dm.wasm [36m304 [0m0.334 ms - -[0m
[0mGET /images/border.png [36m304 [0m0.899 ms - -[0m
[0mGET /images/controls.png [36m304 [0m0.907 ms - -[0m
[0mGET /images/loading_background.png [36m304 [0m0.546 ms - -[0m
[0mGET /images/loading.gif [36m304 [0m0.574 ms - -[0m
[0mGET /images/overlay.png [36m304 [0m0.274 ms - -[0m
[0mGET /board [32m200 [0m0.398 ms - -[0m
[0mGET /board [32m200 [0m0.370 ms - -[0m
[0mGET /board [32m200 [0m0.394 ms - -[0m
[0mGET / [32m200 [0m0.962 ms - 4574[0m
[0mGET /stylesheets/colorbox.css [32m200 [0m1.161 ms - 4488[0m
[0mGET /stylesheets/style.css [32m200 [0m1.185 ms - 1720[0m
[0mGET /javascripts/Threejs-test1.js [32m200 [0m0.475 ms - 12882[0m
[0mGET /javascripts/OrbitControls.js [32m200 [0m2.006 ms - 25402[0m
[0mGET /javascripts/jquery.colorbox-min.js [32m200 [0m0.561 ms - 11960[0m
[0mGET /javascripts/jquery.colorbox-ja.js [32m200 [0m0.430 ms - 465[0m
[0mGET /javascripts/test-2.js [32m200 [0m0.420 ms - 1250[0m
[0mGET /build/three.module.js [32m200 [0m1.116 ms - 1150027[0m
[0mGET /images/cyber-city.jpg [32m200 [0m0.742 ms - 589946[0m
[0mGET /favicon.ico [33m404 [0m1.017 ms - 913[0m
[0mGET /images/controls.png [32m200 [0m1.119 ms - 1261[0m
[0mGET /images/border.png [32m200 [0m1.203 ms - 76[0m
[0mGET /images/loading_background.png [32m200 [0m0.578 ms - 131[0m
[0mGET /images/loading.gif [32m200 [0m0.840 ms - 8685[0m
[0mGET /images/overlay.png [32m200 [0m0.933 ms - 115[0m
[0mGET /board [32m200 [0m0.378 ms - -[0m
[0mGET / [32m200 [0m1.016 ms - 4574[0m
[0mGET /stylesheets/colorbox.css [32m200 [0m1.323 ms - 4488[0m
[0mGET /javascripts/test-2.js [32m200 [0m1.324 ms - 1250[0m
[0mGET /stylesheets/style.css [32m200 [0m1.117 ms - 1720[0m
[0mGET /javascripts/OrbitControls.js [32m200 [0m0.451 ms - 25402[0m
[0mGET /javascripts/jquery.colorbox-min.js [32m200 [0m1.083 ms - 11960[0m
[0mGET /javascripts/Threejs-test1.js [32m200 [0m0.904 ms - 12882[0m
[0mGET /javascripts/jquery.colorbox-ja.js [32m200 [0m0.546 ms - 465[0m
[0mGET /images/cyber-city.jpg [32m200 [0m0.438 ms - 589946[0m
[0mGET /build/three.module.js [32m200 [0m0.414 ms - 1150027[0m
parsedBodyの中身[object Object]
inserted
[0mPOST /up [32m200 [0m10.587 ms - -[0m
[0mGET /board [32m200 [0m0.451 ms - -[0m
[0mGET /favicon.ico [33m404 [0m0.977 ms - 913[0m
parsedBodyの中身[object Object]
inserted
[0mPOST /up [32m200 [0m0.507 ms - -[0m
[0mGET /board [32m200 [0m0.408 ms - -[0m
[0mGET /images/border.png [32m200 [0m1.748 ms - 76[0m
[0mGET /images/loading_background.png [32m200 [0m1.804 ms - 131[0m
[0mGET /images/loading.gif [32m200 [0m1.873 ms - 8685[0m
[0mGET /images/controls.png [32m200 [0m0.450 ms - 1261[0m
[0mGET /images/overlay.png [32m200 [0m0.462 ms - 115[0m
[0mGET /board [32m200 [0m0.400 ms - -[0m
[0mGET /favicon.ico [33m404 [0m0.792 ms - 913[0m
[0mGET /board [32m200 [0m0.371 ms - -[0m
[0mGET /favicon.ico [33m404 [0m0.817 ms - 913[0m
[0mGET /images/cyber-city.jpg [36m304 [0m0.438 ms - -[0m
[0mGET /game [32m200 [0m1.141 ms - 2092[0m
[0mGET /stylesheets/style.css [36m304 [0m0.813 ms - -[0m
[0mGET /socket.io/socket.io.js [33m404 [0m1.254 ms - 913[0m
[0mGET /javascripts/game.js [32m200 [0m0.493 ms - 8932[0m
[0mGET /javascripts/chat.js [32m200 [0m0.434 ms - 3600[0m
[0mGET /images/player.gif [32m200 [0m0.555 ms - 1144[0m
[0mGET /javascripts/three.js [32m200 [0m0.789 ms - 1285558[0m
[0mGET /game [32m200 [0m0.885 ms - 2092[0m
[0mGET /socket.io/socket.io.js [33m404 [0m0.884 ms - 913[0m
[0mGET /javascripts/chat.js [32m200 [0m0.459 ms - 3600[0m
[0mGET /images/player.gif [32m200 [0m0.901 ms - 1144[0m
[0mGET /javascripts/game.js [32m200 [0m0.905 ms - 8932[0m
[0mGET /stylesheets/style.css [36m304 [0m0.331 ms - -[0m
[0mGET /javascripts/three.js [32m200 [0m0.498 ms - 1285558[0m
[0mGET /favicon.ico [33m404 [0m0.940 ms - 913[0m
[0mGET /billboard [32m200 [0m1.120 ms - 7110[0m
[0mGET /stylesheets/style.css [36m304 [0m0.534 ms - -[0m
[0mGET /javascripts/3DMLoader.js [32m200 [0m2.443 ms - 29852[0m
[0mGET /build/three.module.js [36m304 [0m0.833 ms - -[0m
[0mGET /javascripts/OrbitControls.js [36m304 [0m0.774 ms - -[0m
[0mGET /images/cyber-city.jpg [36m304 [0m0.503 ms - -[0m
[0mGET /models/square.3dm [32m200 [0m1.353 ms - 565253[0m
[0mGET /javascripts/rhino3dm.js [32m200 [0m1.059 ms - 141901[0m
[0mGET /javascripts/rhino3dm.wasm [32m200 [0m0.944 ms - 2700760[0m
[0mGET / [36m304 [0m1.415 ms - -[0m
[0mGET /stylesheets/style.css [36m304 [0m0.453 ms - -[0m
[0mGET /stylesheets/colorbox.css [36m304 [0m0.349 ms - -[0m
[0mGET /javascripts/Threejs-test1.js [36m304 [0m0.311 ms - -[0m
[0mGET /javascripts/OrbitControls.js [36m304 [0m0.526 ms - -[0m
[0mGET /build/three.module.js [36m304 [0m0.324 ms - -[0m
[0mGET /javascripts/jquery.colorbox-min.js [36m304 [0m0.336 ms - -[0m
[0mGET /javascripts/jquery.colorbox-ja.js [36m304 [0m0.650 ms - -[0m
[0mGET /javascripts/test-2.js [36m304 [0m0.607 ms - -[0m
[0mGET /images/cyber-city.jpg [36m304 [0m0.306 ms - -[0m
[0mGET /images/border.png [36m304 [0m1.201 ms - -[0m
[0mGET /images/loading_background.png [36m304 [0m1.114 ms - -[0m
[0mGET /images/loading.gif [36m304 [0m1.043 ms - -[0m
[0mGET /images/controls.png [36m304 [0m0.343 ms - -[0m
[0mGET /images/overlay.png [36m304 [0m0.322 ms - -[0m
[0mGET /board [32m200 [0m0.402 ms - -[0m
[0mGET /board [32m200 [0m0.500 ms - -[0m
[0mGET /board [32m200 [0m0.380 ms - -[0m
server listen on :3000
(node:12879) DeprecationWarning: current Server Discovery and Monitoring engine is deprecated, and will be removed in a future version. To use the new Server Discover and Monitoring engine, pass option { useUnifiedTopology: true } to the MongoClient constructor.
(Use `node --trace-deprecation ...` to show where the warning was created)
Connected successfully to MongoDB server
Connected successfully to MongoDB server
[0mGET / [36m304 [0m11.151 ms - -[0m
[0mGET /stylesheets/test-2.css [33m404 [0m2.744 ms - 913[0m
[0mGET /build/three.module.js [36m304 [0m1.177 ms - -[0m
[0mGET /javascripts/OrbitControls.js [36m304 [0m0.393 ms - -[0m
[0mGET /javascripts/3DMLoader.js [36m304 [0m0.341 ms - -[0m
[0mGET /images/cyber-city.jpg [36m304 [0m2.121 ms - -[0m
[0mGET /models/square.3dm [36m304 [0m2.197 ms - -[0m
[0mGET /models/man.3dm [36m304 [0m2.311 ms - -[0m
[0mGET /images/sky.png [36m304 [0m1.351 ms - -[0m
[0mGET /javascripts/rhino3dm.wasm [36m304 [0m0.950 ms - -[0m
[0mGET /javascripts/rhino3dm.js [36m304 [0m0.906 ms - -[0m
[0mGET /models/koumutenn.3dm [32m200 [0m3.505 ms - 56580807[0m
[0mGET /board [32m200 [0m3.540 ms - -[0m
[0mGET /javascripts/rhino3dm.js [36m304 [0m1.263 ms - -[0m
[0mGET /javascripts/rhino3dm.wasm [36m304 [0m0.405 ms - -[0m
[0mGET /models/koumutenn.3dm [32m200 [0m2.925 ms - 56580807[0m
[0mGET /board [32m200 [0m0.486 ms - -[0m
[0mGET /javascripts/rhino3dm.js [36m304 [0m0.728 ms - -[0m
[0mGET /javascripts/rhino3dm.wasm [36m304 [0m0.391 ms - -[0m
[0mGET /models/koumutenn.3dm [32m200 [0m0.869 ms - 56580807[0m
[0mGET /stylesheets/style.css [36m304 [0m0.602 ms - -[0m
[0mGET / [32m200 [0m6.552 ms - 11405[0m
[0mGET /javascripts/OrbitControls.js [36m304 [0m0.340 ms - -[0m
[0mGET /stylesheets/colorbox.css [36m304 [0m0.749 ms - -[0m
[0mGET /javascripts/test-2.js [36m304 [0m0.709 ms - -[0m
[0mGET /javascripts/Threejs-test1.js [36m304 [0m0.356 ms - -[0m
[0mGET /javascripts/jquery.colorbox-min.js [36m304 [0m0.416 ms - -[0m
[0mGET /images/cyber-city.jpg [36m304 [0m0.401 ms - -[0m
[0mGET /javascripts/jquery.colorbox-ja.js [32m200 [0m1.351 ms - 465[0m
[0mGET /stylesheets/test-2.css [33m404 [0m1.915 ms - 913[0m
[0mGET /javascripts/OrbitControls.js [36m304 [0m0.521 ms - -[0m
[0mGET /javascripts/3DMLoader.js [32m200 [0m0.734 ms - 29852[0m
[0mGET /build/three.module.js [32m200 [0m0.539 ms - 1150027[0m
[0mGET /images/cyber-city.jpg [36m304 [0m2.407 ms - -[0m
[0mGET /images/sky.png [32m200 [0m1.870 ms - 144[0m
[0mGET /models/man.3dm [32m200 [0m1.891 ms - 709034[0m
[0mGET /javascripts/rhino3dm.js [32m200 [0m1.315 ms - 141901[0m
[0mGET /javascripts/rhino3dm.wasm [32m200 [0m1.194 ms - 2700760[0m
[0mGET /models/square.3dm [32m200 [0m2.552 ms - 1553649[0m
[0mGET /build/three.module.js [32m200 [0m0.689 ms - 1150027[0m
[0mGET /models/koumutenn.3dm [32m200 [0m3.781 ms - 56580807[0m
[0mGET /board [32m200 [0m0.422 ms - -[0m
[0mGET /javascripts/rhino3dm.js [36m304 [0m0.510 ms - -[0m
[0mGET /javascripts/rhino3dm.wasm [36m304 [0m0.380 ms - -[0m
[0mGET /models/koumutenn.3dm [32m200 [0m0.790 ms - 56580807[0m
[0mGET /board [32m200 [0m0.411 ms - -[0m
[0mGET /javascripts/rhino3dm.js [36m304 [0m0.528 ms - -[0m
[0mGET /javascripts/rhino3dm.wasm [36m304 [0m0.307 ms - -[0m
[0mGET /models/koumutenn.3dm [32m200 [0m0.956 ms - 56580807[0m
[0mGET / [32m200 [0m5.534 ms - 11405[0m
[0mGET /images/cyber-city.jpg [36m304 [0m0.377 ms - -[0m
[0mGET /javascripts/3DMLoader.js [36m304 [0m0.463 ms - -[0m
[0mGET /build/three.module.js [36m304 [0m0.646 ms - -[0m
[0mGET /javascripts/OrbitControls.js [36m304 [0m0.614 ms - -[0m
[0mGET /images/cyber-city.jpg [36m304 [0m0.675 ms - -[0m
[0mGET /images/sky.png [36m304 [0m0.665 ms - -[0m
[0mGET /models/man.3dm [36m304 [0m1.520 ms - -[0m
[0mGET /models/square.3dm [36m304 [0m0.329 ms - -[0m
[0mGET /javascripts/rhino3dm.js [36m304 [0m0.457 ms - -[0m
[0mGET /javascripts/rhino3dm.wasm [36m304 [0m0.331 ms - -[0m
[0mGET / [36m304 [0m2.094 ms - -[0m
[0mGET /stylesheets/test-2.css [33m404 [0m2.199 ms - 913[0m
[0mGET /build/three.module.js [36m304 [0m0.357 ms - -[0m
[0mGET /javascripts/OrbitControls.js [36m304 [0m0.323 ms - -[0m
[0mGET /javascripts/3DMLoader.js [36m304 [0m0.311 ms - -[0m
[0mGET /models/man.3dm [36m304 [0m1.331 ms - -[0m
[0mGET /models/square.3dm [36m304 [0m1.436 ms - -[0m
[0mGET /images/cyber-city.jpg [36m304 [0m1.402 ms - -[0m
[0mGET /images/sky.png [36m304 [0m0.341 ms - -[0m
[0mGET /javascripts/rhino3dm.wasm [36m304 [0m1.853 ms - -[0m
[0mGET /javascripts/rhino3dm.js [36m304 [0m1.815 ms - -[0m
[0mGET /stylesheets/test-2.css [33m404 [0m1.694 ms - 913[0m
[0mGET /build/three.module.js [36m304 [0m0.489 ms - -[0m
[0mGET /javascripts/OrbitControls.js [36m304 [0m0.327 ms - -[0m
[0mGET /javascripts/3DMLoader.js [36m304 [0m0.308 ms - -[0m
[0mGET /images/sky.png [36m304 [0m1.150 ms - -[0m
[0mGET /images/cyber-city.jpg [36m304 [0m1.073 ms - -[0m
[0mGET /models/man.3dm [36m304 [0m1.014 ms - -[0m
[0mGET /models/square.3dm [36m304 [0m0.344 ms - -[0m
[0mGET /javascripts/rhino3dm.js [36m304 [0m0.450 ms - -[0m
[0mGET /javascripts/rhino3dm.wasm [36m304 [0m0.329 ms - -[0m
[0mGET /stylesheets/test-2.css [33m404 [0m1.751 ms - 913[0m
[0mGET /models/koumutenn.3dm [32m200 [0m0.612 ms - 56580807[0m
[0mGET / [36m304 [0m2.443 ms - -[0m
[0mGET /models/koumutenn.3dm [32m200 [0m2.922 ms - 56580807[0m
[0mGET /stylesheets/test-2.css [33m404 [0m1.421 ms - 913[0m
[0mGET /build/three.module.js [36m304 [0m0.912 ms - -[0m
[0mGET /javascripts/3DMLoader.js [36m304 [0m0.686 ms - -[0m
[0mGET /javascripts/OrbitControls.js [36m304 [0m0.314 ms - -[0m
[0mGET /models/man.3dm [36m304 [0m1.103 ms - -[0m
[0mGET /models/square.3dm [36m304 [0m1.096 ms - -[0m
[0mGET /images/cyber-city.jpg [36m304 [0m0.524 ms - -[0m
[0mGET /images/sky.png [36m304 [0m0.464 ms - -[0m
[0mGET /javascripts/rhino3dm.wasm [36m304 [0m0.489 ms - -[0m
[0mGET /javascripts/rhino3dm.js [36m304 [0m0.301 ms - -[0m
[0mGET /models/koumutenn.3dm [32m200 [0m2.494 ms - 56580807[0m
[0mGET /board [32m200 [0m3.240 ms - -[0m
[0mGET /javascripts/rhino3dm.wasm [36m304 [0m1.991 ms - -[0m
[0mGET /javascripts/rhino3dm.js [36m304 [0m0.511 ms - -[0m
[0mGET /board [32m200 [0m0.463 ms - -[0m
[0mGET /javascripts/rhino3dm.js [36m304 [0m0.449 ms - -[0m
[0mGET /javascripts/rhino3dm.wasm [36m304 [0m0.412 ms - -[0m
[0mGET /models/koumutenn.3dm [32m200 [0m1.845 ms - 56580807[0m
[0mGET / [32m200 [0m5.719 ms - 11405[0m
[0mGET /stylesheets/test-2.css [33m404 [0m1.939 ms - 913[0m
[0mGET /javascripts/3DMLoader.js [32m200 [0m0.769 ms - 29852[0m
[0mGET /javascripts/OrbitControls.js [32m200 [0m1.216 ms - 25402[0m
[0mGET /build/three.module.js [32m200 [0m1.031 ms - 1150027[0m
[0mGET /images/sky.png [32m200 [0m7.335 ms - 144[0m
[0mGET /images/cyber-city.jpg [36m304 [0m0.462 ms - -[0m
[0mGET /models/man.3dm [32m200 [0m7.001 ms - 709034[0m
[0mGET /javascripts/rhino3dm.js [32m200 [0m0.993 ms - 141901[0m
[0mGET /models/square.3dm [32m200 [0m1.825 ms - 1553649[0m
[0mGET /javascripts/rhino3dm.wasm [32m200 [0m1.167 ms - 2700760[0m
[0mGET /models/koumutenn.3dm [32m200 [0m1.889 ms - 56580807[0m
[0mGET / [32m200 [0m2.282 ms - 11405[0m
[0mGET /stylesheets/test-2.css [33m404 [0m1.761 ms - 913[0m
[0mGET /javascripts/OrbitControls.js [36m304 [0m0.706 ms - -[0m
[0mGET /javascripts/3DMLoader.js [36m304 [0m0.361 ms - -[0m
[0mGET /build/three.module.js [32m200 [0m1.648 ms - 1150027[0m
[0mGET /images/sky.png [32m200 [0m0.583 ms - 144[0m
[0mGET /images/cyber-city.jpg [36m304 [0m0.348 ms - -[0m
[0mGET /favicon.ico [33m404 [0m1.112 ms - 913[0m
[0mGET /models/square.3dm [32m200 [0m1.570 ms - 1553649[0m
[0mGET /models/man.3dm [32m200 [0m1.414 ms - 709034[0m
[0mGET /javascripts/rhino3dm.js [36m304 [0m0.415 ms - -[0m
[0mGET /javascripts/rhino3dm.wasm [36m304 [0m0.448 ms - -[0m
[0mGET /models/koumutenn.3dm [32m200 [0m1.820 ms - 56580807[0m
[0mGET /board [32m200 [0m0.736 ms - -[0m
[0mGET /models/koumutenn.3dm [32m200 [0m0.708 ms - 56580807[0m
server listen on :3000
(node:19461) DeprecationWarning: current Server Discovery and Monitoring engine is deprecated, and will be removed in a future version. To use the new Server Discover and Monitoring engine, pass option { useUnifiedTopology: true } to the MongoClient constructor.
(Use `node --trace-deprecation ...` to show where the warning was created)
Connected successfully to MongoDB server
Connected successfully to MongoDB server
[0mGET / [32m200 [0m10.425 ms - 12458[0m
[0mGET /stylesheets/style.css [32m200 [0m3.039 ms - 1870[0m
[0mGET /stylesheets/colorbox.css [32m200 [0m0.607 ms - 4488[0m
[0mGET /javascripts/jquery.colorbox-min.js [32m200 [0m0.615 ms - 11960[0m
[0mGET /javascripts/jquery.colorbox-ja.js [32m200 [0m0.592 ms - 465[0m
[0mGET /images/top-loading.gif [32m200 [0m0.576 ms - 7048[0m
[0mGET /javascripts/OrbitControls.js [32m200 [0m2.053 ms - 25402[0m
[0mGET /javascripts/3DMLoader.js [32m200 [0m2.400 ms - 29852[0m
[0mGET /build/three.module.js [32m200 [0m1.956 ms - 1150027[0m
[0mGET /images/sky.png [32m200 [0m0.689 ms - 144[0m
[0mGET /models/man.3dm [32m200 [0m1.781 ms - 709034[0m
[0mGET /models/square.3dm [32m200 [0m2.028 ms - 1553649[0m
[0mGET /javascripts/rhino3dm.js [32m200 [0m3.784 ms - 141901[0m
[0mGET /images/cyber-city.jpg [32m200 [0m0.930 ms - 589946[0m
[0mGET /javascripts/rhino3dm.wasm [32m200 [0m1.741 ms - 2700760[0m
[0mGET /favicon.ico [33m404 [0m2.347 ms - 913[0m
[0mGET /board [32m200 [0m0.897 ms - -[0m
[0mGET /models/koumutenn.3dm [32m200 [0m2.136 ms - 56580807[0m
[0mGET /stylesheets/style.css [36m304 [0m4.674 ms - -[0m
[0mGET /stylesheets/colorbox.css [36m304 [0m3.595 ms - -[0m
[0mGET /javascripts/jquery.colorbox-min.js [36m304 [0m0.403 ms - -[0m
[0mGET /javascripts/jquery.colorbox-ja.js [36m304 [0m0.388 ms - -[0m
[0mGET /images/top-loading.gif [36m304 [0m0.397 ms - -[0m
[0mGET /build/three.module.js [36m304 [0m0.374 ms - -[0m
[0mGET /javascripts/OrbitControls.js [36m304 [0m0.349 ms - -[0m
[0mGET /javascripts/3DMLoader.js [36m304 [0m0.350 ms - -[0m
[0mGET /models/man.3dm [36m304 [0m1.786 ms - -[0m
[0mGET /models/square.3dm [36m304 [0m0.949 ms - -[0m
[0mGET /images/sky.png [36m304 [0m0.500 ms - -[0m
[0mGET /images/cyber-city.jpg [36m304 [0m0.352 ms - -[0m
[0mGET /javascripts/rhino3dm.wasm [36m304 [0m0.457 ms - -[0m
[0mGET /javascripts/rhino3dm.js [36m304 [0m0.345 ms - -[0m
[0mGET /models/koumutenn.3dm [32m200 [0m3.225 ms - 56580807[0m
[0mGET /stylesheets/style.css [36m304 [0m0.670 ms - -[0m
[0mGET /stylesheets/colorbox.css [36m304 [0m0.462 ms - -[0m
[0mGET /javascripts/jquery.colorbox-min.js [36m304 [0m0.350 ms - -[0m
[0mGET /javascripts/jquery.colorbox-ja.js [36m304 [0m0.349 ms - -[0m
[0mGET /images/top-loading.gif [36m304 [0m0.370 ms - -[0m
[0mGET /build/three.module.js [36m304 [0m0.350 ms - -[0m
[0mGET /javascripts/OrbitControls.js [36m304 [0m0.746 ms - -[0m
[0mGET /javascripts/3DMLoader.js [36m304 [0m0.645 ms - -[0m
[0mGET /models/man.3dm [36m304 [0m0.435 ms - -[0m
[0mGET /models/square.3dm [36m304 [0m0.564 ms - -[0m
[0mGET /images/sky.png [36m304 [0m0.417 ms - -[0m
[0mGET /images/cyber-city.jpg [36m304 [0m0.341 ms - -[0m
[0mGET /javascripts/rhino3dm.wasm [36m304 [0m0.460 ms - -[0m
[0mGET /javascripts/rhino3dm.js [36m304 [0m0.344 ms - -[0m
[0mGET /models/koumutenn.3dm [32m200 [0m1.313 ms - 56580807[0m
[0mGET / [32m200 [0m6.337 ms - 12458[0m
[0mGET /javascripts/jquery.colorbox-min.js [32m200 [0m1.299 ms - 11960[0m
[0mGET /javascripts/jquery.colorbox-ja.js [32m200 [0m1.200 ms - 465[0m
[0mGET /stylesheets/colorbox.css [32m200 [0m0.576 ms - 4488[0m
[0mGET /images/top-loading.gif [32m200 [0m0.986 ms - 7048[0m
[0mGET /stylesheets/style.css [32m200 [0m1.021 ms - 1870[0m
[0mGET /javascripts/OrbitControls.js [32m200 [0m0.644 ms - 25402[0m
[0mGET /javascripts/3DMLoader.js [32m200 [0m0.513 ms - 29852[0m
[0mGET /build/three.module.js [32m200 [0m0.479 ms - 1150027[0m
[0mGET /models/man.3dm [32m200 [0m1.500 ms - 709034[0m
[0mGET /favicon.ico [33m404 [0m2.040 ms - 913[0m
[0mGET /images/sky.png [32m200 [0m0.521 ms - 144[0m
[0mGET /javascripts/rhino3dm.js [32m200 [0m1.030 ms - 141901[0m
[0mGET /images/cyber-city.jpg [32m200 [0m0.915 ms - 589946[0m
[0mGET /models/square.3dm [32m200 [0m0.689 ms - 1553649[0m
[0mGET /javascripts/rhino3dm.wasm [32m200 [0m0.621 ms - 2700760[0m
[0mGET /board [32m200 [0m0.723 ms - -[0m
[0mGET /board [32m200 [0m0.498 ms - -[0m
[0mGET /models/koumutenn.3dm [32m200 [0m1.042 ms - 56580807[0m
[0mGET /board [32m200 [0m0.461 ms - -[0m
[0mGET /models/man.3dm [36m304 [0m2.728 ms - -[0m
[0mGET /images/cyber-city.jpg [36m304 [0m2.931 ms - -[0m
[0mGET /images/sky.png [36m304 [0m0.482 ms - -[0m
[0mGET /models/square.3dm [36m304 [0m0.840 ms - -[0m
[0mGET /javascripts/rhino3dm.js [36m304 [0m0.824 ms - -[0m
[0mGET /javascripts/rhino3dm.wasm [36m304 [0m0.407 ms - -[0m
[0mGET /models/koumutenn.3dm [32m200 [0m4.878 ms - 56580807[0m
[0mGET / [32m200 [0m5.888 ms - 12458[0m
[0mGET /stylesheets/style.css [32m200 [0m1.046 ms - 1870[0m
[0mGET /stylesheets/colorbox.css [32m200 [0m0.538 ms - 4488[0m
[0mGET /javascripts/jquery.colorbox-min.js [32m200 [0m0.518 ms - 11960[0m
[0mGET /javascripts/jquery.colorbox-ja.js [32m200 [0m0.464 ms - 465[0m
[0mGET /images/top-loading.gif [32m200 [0m0.517 ms - 7048[0m
[0mGET /javascripts/OrbitControls.js [32m200 [0m1.258 ms - 25402[0m
[0mGET /javascripts/3DMLoader.js [32m200 [0m0.622 ms - 29852[0m
[0mGET /build/three.module.js [32m200 [0m1.120 ms - 1150027[0m
[0mGET /images/sky.png [32m200 [0m0.538 ms - 144[0m
[0mGET /images/cyber-city.jpg [32m200 [0m9.392 ms - 589946[0m
[0mGET /models/man.3dm [32m200 [0m1.590 ms - 709034[0m
[0mGET /javascripts/rhino3dm.js [32m200 [0m0.665 ms - 141901[0m
[0mGET /javascripts/rhino3dm.wasm [32m200 [0m0.630 ms - 2700760[0m
[0mGET /models/square.3dm [32m200 [0m1.468 ms - 1553649[0m
[0mGET /models/koumutenn.3dm [32m200 [0m1.009 ms - 56580807[0m
[0mGET /board [32m200 [0m0.878 ms - -[0m
[0mGET /board [32m200 [0m0.419 ms - -[0m
[0mGET /board [32m200 [0m0.491 ms - -[0m
[0mGET / [32m200 [0m2.142 ms - 12458[0m
[0mGET /stylesheets/style.css [32m200 [0m0.767 ms - 1870[0m
[0mGET /stylesheets/colorbox.css [32m200 [0m1.255 ms - 4488[0m
[0mGET /javascripts/jquery.colorbox-min.js [32m200 [0m1.225 ms - 11960[0m
[0mGET /images/top-loading.gif [32m200 [0m0.878 ms - 7048[0m
[0mGET /javascripts/jquery.colorbox-ja.js [32m200 [0m0.843 ms - 465[0m
[0mGET /javascripts/3DMLoader.js [32m200 [0m1.001 ms - 29852[0m
[0mGET /javascripts/OrbitControls.js [32m200 [0m1.200 ms - 25402[0m
[0mGET /build/three.module.js [32m200 [0m0.460 ms - 1150027[0m
[0mGET /images/sky.png [32m200 [0m1.339 ms - 144[0m
[0mGET /models/man.3dm [32m200 [0m1.316 ms - 709034[0m
[0mGET /images/cyber-city.jpg [32m200 [0m1.073 ms - 589946[0m
[0mGET /models/square.3dm [32m200 [0m1.432 ms - 1553649[0m
[0mGET /javascripts/rhino3dm.js [32m200 [0m2.669 ms - 141901[0m
[0mGET /javascripts/rhino3dm.wasm [32m200 [0m3.969 ms - 2700760[0m
[0mGET /models/koumutenn.3dm [32m200 [0m0.587 ms - 56580807[0m
[0mGET / [36m304 [0m6.431 ms - -[0m
[0mGET /stylesheets/style.css [36m304 [0m0.970 ms - -[0m
[0mGET /stylesheets/colorbox.css [36m304 [0m0.976 ms - -[0m
[0mGET /images/top-loading.gif [36m304 [0m0.669 ms - -[0m
[0mGET /javascripts/jquery.colorbox-ja.js [36m304 [0m0.684 ms - -[0m
[0mGET /javascripts/jquery.colorbox-min.js [36m304 [0m0.630 ms - -[0m
[0mGET /javascripts/OrbitControls.js [36m304 [0m0.396 ms - -[0m
[0mGET /build/three.module.js [36m304 [0m0.691 ms - -[0m
[0mGET /javascripts/3DMLoader.js [36m304 [0m0.648 ms - -[0m
[0mGET /images/cyber-city.jpg [36m304 [0m0.430 ms - -[0m
[0mGET /images/sky.png [36m304 [0m0.313 ms - -[0m
[0mGET /models/man.3dm [36m304 [0m0.347 ms - -[0m
[0mGET /models/square.3dm [36m304 [0m1.199 ms - -[0m
[0mGET /javascripts/rhino3dm.js [36m304 [0m0.497 ms - -[0m
[0mGET /javascripts/rhino3dm.wasm [36m304 [0m0.337 ms - -[0m
[0mGET /models/koumutenn.3dm [36m304 [0m0.432 ms - -[0m
[0mGET /board [32m200 [0m0.703 ms - -[0m
[0mGET / [36m304 [0m2.630 ms - -[0m
[0mGET /stylesheets/style.css [36m304 [0m0.500 ms - -[0m
[0mGET /stylesheets/colorbox.css [36m304 [0m0.333 ms - -[0m
[0mGET /javascripts/jquery.colorbox-min.js [36m304 [0m0.441 ms - -[0m
[0mGET /javascripts/jquery.colorbox-ja.js [36m304 [0m0.326 ms - -[0m
[0mGET /images/top-loading.gif [36m304 [0m0.346 ms - -[0m
[0mGET /build/three.module.js [36m304 [0m0.316 ms - -[0m
[0mGET /javascripts/OrbitControls.js [36m304 [0m0.303 ms - -[0m
[0mGET /javascripts/3DMLoader.js [36m304 [0m0.309 ms - -[0m
[0mGET /images/cyber-city.jpg [36m304 [0m0.819 ms - -[0m
[0mGET /models/man.3dm [36m304 [0m0.749 ms - -[0m
[0mGET /models/square.3dm [36m304 [0m0.316 ms - -[0m
[0mGET /images/sky.png [36m304 [0m0.407 ms - -[0m
[0mGET /javascripts/rhino3dm.js [36m304 [0m0.381 ms - -[0m
[0mGET /javascripts/rhino3dm.wasm [36m304 [0m0.315 ms - -[0m
[0mGET /models/koumutenn.3dm [32m200 [0m0.503 ms - 9584037[0m
[0mGET / [36m304 [0m1.411 ms - -[0m
[0mGET /stylesheets/style.css [36m304 [0m0.956 ms - -[0m
[0mGET /stylesheets/colorbox.css [36m304 [0m0.789 ms - -[0m
[0mGET /javascripts/jquery.colorbox-min.js [36m304 [0m0.374 ms - -[0m
[0mGET /javascripts/jquery.colorbox-ja.js [36m304 [0m0.336 ms - -[0m
[0mGET /images/top-loading.gif [36m304 [0m0.465 ms - -[0m
[0mGET /javascripts/3DMLoader.js [36m304 [0m0.344 ms - -[0m
[0mGET /build/three.module.js [36m304 [0m0.330 ms - -[0m
[0mGET /javascripts/OrbitControls.js [36m304 [0m0.326 ms - -[0m
[0mGET /models/man.3dm [36m304 [0m0.925 ms - -[0m
[0mGET /images/cyber-city.jpg [36m304 [0m0.757 ms - -[0m
[0mGET /models/koumutenn.3dm [36m304 [0m0.629 ms - -[0m
[0mGET /models/square.3dm [36m304 [0m0.618 ms - -[0m
[0mGET /images/sky.png [36m304 [0m0.386 ms - -[0m
[0mGET /javascripts/rhino3dm.js [36m304 [0m0.475 ms - -[0m
[0mGET /javascripts/rhino3dm.wasm [36m304 [0m0.335 ms - -[0m
[0mGET / [36m304 [0m1.795 ms - -[0m
[0mGET /stylesheets/colorbox.css [36m304 [0m0.448 ms - -[0m
[0mGET /javascripts/jquery.colorbox-ja.js [36m304 [0m1.021 ms - -[0m
[0mGET /stylesheets/style.css [36m304 [0m0.977 ms - -[0m
[0mGET /javascripts/jquery.colorbox-min.js [36m304 [0m0.935 ms - -[0m
[0mGET /images/top-loading.gif [36m304 [0m0.420 ms - -[0m
[0mGET /javascripts/3DMLoader.js [36m304 [0m1.016 ms - -[0m
[0mGET /build/three.module.js [36m304 [0m0.943 ms - -[0m
[0mGET /javascripts/OrbitControls.js [36m304 [0m0.912 ms - -[0m
[0mGET /models/square.3dm [36m304 [0m0.472 ms - -[0m
[0mGET /models/koumutenn.3dm [36m304 [0m0.338 ms - -[0m
[0mGET /images/sky.png [36m304 [0m0.352 ms - -[0m
[0mGET /models/man.3dm [36m304 [0m0.306 ms - -[0m
[0mGET /images/cyber-city.jpg [36m304 [0m0.345 ms - -[0m
[0mGET /javascripts/rhino3dm.wasm [36m304 [0m0.444 ms - -[0m
[0mGET /javascripts/rhino3dm.js [36m304 [0m0.358 ms - -[0m
[0mGET /board [32m200 [0m0.412 ms - -[0m
[0mGET / [36m304 [0m1.408 ms - -[0m
[0mGET /stylesheets/colorbox.css [36m304 [0m0.828 ms - -[0m
[0mGET /stylesheets/style.css [36m304 [0m0.729 ms - -[0m
[0mGET /javascripts/jquery.colorbox-min.js [36m304 [0m0.436 ms - -[0m
[0mGET /javascripts/jquery.colorbox-ja.js [36m304 [0m0.299 ms - -[0m
[0mGET /images/top-loading.gif [36m304 [0m0.420 ms - -[0m
[0mGET /build/three.module.js [36m304 [0m0.311 ms - -[0m
[0mGET /javascripts/OrbitControls.js [36m304 [0m1.731 ms - -[0m
[0mGET /javascripts/3DMLoader.js [36m304 [0m1.677 ms - -[0m
[0mGET /images/cyber-city.jpg [36m304 [0m4.054 ms - -[0m
[0mGET /models/man.3dm [36m304 [0m1.445 ms - -[0m
[0mGET /models/square.3dm [36m304 [0m1.397 ms - -[0m
[0mGET /models/koumutenn.3dm [36m304 [0m1.350 ms - -[0m
[0mGET /images/sky.png [36m304 [0m0.396 ms - -[0m
[0mGET /javascripts/rhino3dm.js [36m304 [0m0.346 ms - -[0m
[0mGET /javascripts/rhino3dm.wasm [36m304 [0m0.306 ms - -[0m
[0mGET / [36m304 [0m1.387 ms - -[0m
[0mGET /stylesheets/style.css [36m304 [0m0.474 ms - -[0m
[0mGET /stylesheets/colorbox.css [36m304 [0m0.324 ms - -[0m
[0mGET /javascripts/jquery.colorbox-min.js [36m304 [0m0.503 ms - -[0m
[0mGET /javascripts/jquery.colorbox-ja.js [36m304 [0m0.311 ms - -[0m
[0mGET /images/top-loading.gif [36m304 [0m0.361 ms - -[0m
[0mGET /build/three.module.js [36m304 [0m0.635 ms - -[0m
[0mGET /javascripts/3DMLoader.js [36m304 [0m0.627 ms - -[0m
[0mGET /javascripts/OrbitControls.js [36m304 [0m0.293 ms - -[0m
[0mGET /models/square.3dm [36m304 [0m0.796 ms - -[0m
[0mGET /models/man.3dm [36m304 [0m0.357 ms - -[0m
[0mGET /images/cyber-city.jpg [36m304 [0m0.503 ms - -[0m
[0mGET /images/sky.png [36m304 [0m0.389 ms - -[0m
[0mGET /javascripts/rhino3dm.js [36m304 [0m0.394 ms - -[0m
[0mGET /javascripts/rhino3dm.wasm [36m304 [0m0.309 ms - -[0m
[0mGET /models/koumutenn.3dm [32m200 [0m1.573 ms - 23575158[0m
[0mGET /javascripts/rhino3dm.js [36m304 [0m0.840 ms - -[0m
[0mGET /javascripts/rhino3dm.wasm [36m304 [0m0.790 ms - -[0m
[0mGET /board [32m200 [0m0.458 ms - -[0m
[0mGET / [36m304 [0m1.821 ms - -[0m
[0mGET /stylesheets/style.css [36m304 [0m0.458 ms - -[0m
[0mGET /stylesheets/colorbox.css [36m304 [0m0.338 ms - -[0m
[0mGET /javascripts/jquery.colorbox-min.js [36m304 [0m0.352 ms - -[0m
[0mGET /javascripts/jquery.colorbox-ja.js [36m304 [0m0.298 ms - -[0m
[0mGET /images/top-loading.gif [36m304 [0m0.441 ms - -[0m
[0mGET /build/three.module.js [36m304 [0m0.335 ms - -[0m
[0mGET /javascripts/OrbitControls.js [36m304 [0m0.662 ms - -[0m
[0mGET /javascripts/3DMLoader.js [36m304 [0m0.585 ms - -[0m
[0mGET /models/man.3dm [36m304 [0m0.862 ms - -[0m
[0mGET /models/square.3dm [36m304 [0m0.745 ms - -[0m
[0mGET /images/cyber-city.jpg [36m304 [0m0.657 ms - -[0m
[0mGET /models/koumutenn.3dm [36m304 [0m0.634 ms - -[0m
[0mGET /images/sky.png [36m304 [0m0.373 ms - -[0m
[0mGET /javascripts/rhino3dm.wasm [36m304 [0m0.736 ms - -[0m
[0mGET /javascripts/rhino3dm.js [36m304 [0m0.648 ms - -[0m
[0mGET /board [32m200 [0m0.452 ms - -[0m
[0mGET / [36m304 [0m2.422 ms - -[0m
[0mGET /stylesheets/style.css [36m304 [0m0.431 ms - -[0m
[0mGET /stylesheets/colorbox.css [36m304 [0m0.306 ms - -[0m
[0mGET /javascripts/jquery.colorbox-min.js [36m304 [0m0.567 ms - -[0m
[0mGET /javascripts/jquery.colorbox-ja.js [36m304 [0m0.301 ms - -[0m
[0mGET /images/top-loading.gif [36m304 [0m0.314 ms - -[0m
[0mGET /build/three.module.js [36m304 [0m0.311 ms - -[0m
[0mGET /javascripts/OrbitControls.js [36m304 [0m0.304 ms - -[0m
[0mGET /javascripts/3DMLoader.js [36m304 [0m0.306 ms - -[0m
[0mGET /models/square.3dm [36m304 [0m0.815 ms - -[0m
[0mGET /models/koumutenn.3dm [36m304 [0m0.741 ms - -[0m
[0mGET /images/cyber-city.jpg [36m304 [0m0.658 ms - -[0m
[0mGET /models/man.3dm [36m304 [0m0.665 ms - -[0m
[0mGET /images/sky.png [36m304 [0m0.301 ms - -[0m
[0mGET /javascripts/rhino3dm.js [36m304 [0m1.919 ms - -[0m
[0mGET /javascripts/rhino3dm.wasm [36m304 [0m0.753 ms - -[0m
[0mGET /board [32m200 [0m0.453 ms - -[0m
[0mGET /board [32m200 [0m0.423 ms - -[0m
[0mGET /board [32m200 [0m0.442 ms - -[0m
[0mGET / [36m304 [0m1.346 ms - -[0m
[0mGET /stylesheets/style.css [36m304 [0m0.410 ms - -[0m
[0mGET /stylesheets/colorbox.css [36m304 [0m0.306 ms - -[0m
[0mGET /javascripts/jquery.colorbox-min.js [36m304 [0m0.339 ms - -[0m
[0mGET /javascripts/jquery.colorbox-ja.js [36m304 [0m0.400 ms - -[0m
[0mGET /images/top-loading.gif [36m304 [0m0.310 ms - -[0m
[0mGET /build/three.module.js [36m304 [0m0.302 ms - -[0m
[0mGET /javascripts/OrbitControls.js [36m304 [0m0.653 ms - -[0m
[0mGET /javascripts/3DMLoader.js [36m304 [0m0.571 ms - -[0m
[0mGET /models/man.3dm [36m304 [0m1.190 ms - -[0m
[0mGET /images/cyber-city.jpg [36m304 [0m1.087 ms - -[0m
[0mGET /images/sky.png [36m304 [0m0.311 ms - -[0m
[0mGET /javascripts/rhino3dm.js [36m304 [0m0.726 ms - -[0m
[0mGET /javascripts/rhino3dm.wasm [36m304 [0m0.666 ms - -[0m
[0mGET /models/koumutenn.3dm [32m200 [0m0.778 ms - 1780899[0m
[0mGET /models/square.3dm [32m200 [0m1.602 ms - 26463738[0m
[0mGET /board [32m200 [0m0.488 ms - -[0m
[0mGET /board [32m200 [0m0.423 ms - -[0m
[0mGET /board [32m200 [0m0.405 ms - -[0m
[0mGET /board [32m200 [0m0.437 ms - -[0m
[0mGET /board [32m200 [0m0.449 ms - -[0m
[0mGET /board [32m200 [0m0.374 ms - -[0m
[0mGET /board [32m200 [0m0.411 ms - -[0m
[0mGET /board [32m200 [0m0.483 ms - -[0m
[0mGET /board [32m200 [0m0.485 ms - -[0m
[0mGET /board [32m200 [0m0.420 ms - -[0m
[0mGET / [32m200 [0m2.241 ms - 14782[0m
[0mGET /styles/test-2.css [33m404 [0m2.135 ms - 913[0m
[0mGET /build/three.module.js [36m304 [0m0.365 ms - -[0m
[0mGET /javascripts/OrbitControls.js [36m304 [0m0.351 ms - -[0m
[0mGET /javascripts/3DMLoader.js [36m304 [0m0.366 ms - -[0m
[0mGET /styles/test-2.css [33m404 [0m1.148 ms - 913[0m
[0mGET / [32m200 [0m1.645 ms - 12318[0m
[0mGET /stylesheets/style.css [36m304 [0m0.472 ms - -[0m
[0mGET /stylesheets/colorbox.css [36m304 [0m0.499 ms - -[0m
[0mGET /javascripts/jquery.colorbox-min.js [36m304 [0m0.400 ms - -[0m
[0mGET /javascripts/jquery.colorbox-ja.js [36m304 [0m0.300 ms - -[0m
[0mGET /images/top-loading.gif [36m304 [0m0.385 ms - -[0m
[0mGET /build/three.module.js [36m304 [0m0.425 ms - -[0m
[0mGET /javascripts/OrbitControls.js [36m304 [0m0.655 ms - -[0m
[0mGET /javascripts/3DMLoader.js [36m304 [0m0.611 ms - -[0m
[0mGET /models/man.3dm [36m304 [0m1.645 ms - -[0m
[0mGET /models/koumutenn.3dm [36m304 [0m1.603 ms - -[0m
[0mGET /models/square.3dm [36m304 [0m0.284 ms - -[0m
[0mGET /images/cyber-city.jpg [36m304 [0m0.418 ms - -[0m
[0mGET /images/sky.png [36m304 [0m0.301 ms - -[0m
[0mGET /javascripts/rhino3dm.js [36m304 [0m0.317 ms - -[0m
[0mGET /javascripts/rhino3dm.wasm [36m304 [0m0.296 ms - -[0m
[0mGET /board [32m200 [0m0.384 ms - -[0m
[0mGET /board [32m200 [0m0.417 ms - -[0m
[0mGET /stylesheets/style.css [36m304 [0m0.413 ms - -[0m
[0mGET /stylesheets/colorbox.css [36m304 [0m0.335 ms - -[0m
[0mGET / [32m200 [0m1.609 ms - 12315[0m
[0mGET /stylesheets/style.css [36m304 [0m0.836 ms - -[0m
[0mGET /stylesheets/colorbox.css [36m304 [0m0.935 ms - -[0m
[0mGET /javascripts/jquery.colorbox-min.js [36m304 [0m0.712 ms - -[0m
[0mGET /javascripts/jquery.colorbox-ja.js [36m304 [0m0.671 ms - -[0m
[0mGET /images/top-loading.gif [36m304 [0m0.406 ms - -[0m
[0mGET /build/three.module.js [36m304 [0m0.634 ms - -[0m
[0mGET /javascripts/OrbitControls.js [36m304 [0m0.583 ms - -[0m
[0mGET /javascripts/3DMLoader.js [36m304 [0m0.294 ms - -[0m
[0mGET /models/square.3dm [36m304 [0m0.441 ms - -[0m
[0mGET /images/cyber-city.jpg [36m304 [0m0.919 ms - -[0m
[0mGET /models/koumutenn.3dm [36m304 [0m0.939 ms - -[0m
[0mGET /models/man.3dm [36m304 [0m0.925 ms - -[0m
[0mGET /images/sky.png [36m304 [0m0.601 ms - -[0m
[0mGET /javascripts/rhino3dm.js [36m304 [0m0.771 ms - -[0m
[0mGET /javascripts/rhino3dm.wasm [36m304 [0m0.685 ms - -[0m
[0mGET / [32m200 [0m2.529 ms - 12397[0m
[0mGET /stylesheets/style.css [36m304 [0m0.482 ms - -[0m
[0mGET /stylesheets/colorbox.css [36m304 [0m0.322 ms - -[0m
[0mGET /javascripts/jquery.colorbox-min.js [36m304 [0m0.350 ms - -[0m
[0mGET /javascripts/jquery.colorbox-ja.js [36m304 [0m0.279 ms - -[0m
[0mGET /images/top-loading.gif [36m304 [0m0.424 ms - -[0m
[0mGET /build/three.module.js [36m304 [0m0.305 ms - -[0m
[0mGET /javascripts/3DMLoader.js [36m304 [0m0.322 ms - -[0m
[0mGET /javascripts/OrbitControls.js [36m304 [0m0.307 ms - -[0m
[0mGET /models/square.3dm [36m304 [0m0.768 ms - -[0m
[0mGET /models/koumutenn.3dm [36m304 [0m0.697 ms - -[0m
[0mGET /models/man.3dm [36m304 [0m0.644 ms - -[0m
[0mGET /images/cyber-city.jpg [36m304 [0m0.581 ms - -[0m
[0mGET /images/sky.png [36m304 [0m0.369 ms - -[0m
[0mGET /javascripts/rhino3dm.js [36m304 [0m0.369 ms - -[0m
[0mGET /javascripts/rhino3dm.wasm [36m304 [0m0.305 ms - -[0m
[0mGET / [32m200 [0m1.714 ms - 12401[0m
[0mGET /stylesheets/style.css [36m304 [0m0.840 ms - -[0m
[0mGET /stylesheets/colorbox.css [36m304 [0m0.669 ms - -[0m
[0mGET /javascripts/jquery.colorbox-min.js [36m304 [0m0.796 ms - -[0m
[0mGET /javascripts/jquery.colorbox-ja.js [36m304 [0m0.626 ms - -[0m
[0mGET /images/top-loading.gif [36m304 [0m0.424 ms - -[0m
[0mGET /javascripts/OrbitControls.js [36m304 [0m0.760 ms - -[0m
[0mGET /build/three.module.js [36m304 [0m0.728 ms - -[0m
[0mGET /javascripts/3DMLoader.js [36m304 [0m0.305 ms - -[0m
[0mGET /models/koumutenn.3dm [36m304 [0m2.567 ms - -[0m
[0mGET /models/square.3dm [36m304 [0m1.385 ms - -[0m
[0mGET /images/cyber-city.jpg [36m304 [0m1.324 ms - -[0m
[0mGET /models/man.3dm [36m304 [0m1.232 ms - -[0m
[0mGET /images/sky.png [36m304 [0m0.317 ms - -[0m
[0mGET /javascripts/rhino3dm.js [36m304 [0m0.750 ms - -[0m
[0mGET /javascripts/rhino3dm.wasm [36m304 [0m0.702 ms - -[0m
[0mGET / [32m200 [0m1.648 ms - 12407[0m
[0mGET /stylesheets/style.css [36m304 [0m1.495 ms - -[0m
[0mGET /stylesheets/colorbox.css [36m304 [0m0.303 ms - -[0m
[0mGET /javascripts/jquery.colorbox-min.js [36m304 [0m0.769 ms - -[0m
[0mGET /javascripts/jquery.colorbox-ja.js [36m304 [0m0.618 ms - -[0m
[0mGET /images/top-loading.gif [36m304 [0m0.394 ms - -[0m
[0mGET /build/three.module.js [36m304 [0m0.693 ms - -[0m
[0mGET /javascripts/OrbitControls.js [36m304 [0m0.642 ms - -[0m
[0mGET /javascripts/3DMLoader.js [36m304 [0m0.315 ms - -[0m
[0mGET /models/square.3dm [36m304 [0m1.135 ms - -[0m
[0mGET /models/koumutenn.3dm [36m304 [0m1.016 ms - -[0m
[0mGET /models/man.3dm [36m304 [0m0.966 ms - -[0m
[0mGET /images/cyber-city.jpg [36m304 [0m0.332 ms - -[0m
[0mGET /images/sky.png [36m304 [0m0.364 ms - -[0m
[0mGET /javascripts/rhino3dm.js [36m304 [0m0.742 ms - -[0m
[0mGET /javascripts/rhino3dm.wasm [36m304 [0m0.675 ms - -[0m
[0mGET /board [32m200 [0m0.505 ms - -[0m
[0mGET / [32m200 [0m1.635 ms - 12407[0m
[0mGET /stylesheets/style.css [36m304 [0m0.460 ms - -[0m
[0mGET /stylesheets/colorbox.css [36m304 [0m0.305 ms - -[0m
[0mGET /javascripts/jquery.colorbox-min.js [36m304 [0m0.697 ms - -[0m
[0mGET /javascripts/jquery.colorbox-ja.js [36m304 [0m0.617 ms - -[0m
[0mGET /images/top-loading.gif [36m304 [0m0.334 ms - -[0m
[0mGET /build/three.module.js [36m304 [0m0.304 ms - -[0m
[0mGET /javascripts/OrbitControls.js [36m304 [0m0.296 ms - -[0m
[0mGET /javascripts/3DMLoader.js [36m304 [0m0.329 ms - -[0m
[0mGET /models/koumutenn.3dm [36m304 [0m0.759 ms - -[0m
[0mGET /models/square.3dm [36m304 [0m0.742 ms - -[0m
[0mGET /models/man.3dm [36m304 [0m0.296 ms - -[0m
[0mGET /images/cyber-city.jpg [36m304 [0m0.305 ms - -[0m
[0mGET /images/sky.png [36m304 [0m0.390 ms - -[0m
[0mGET /javascripts/rhino3dm.js [36m304 [0m0.785 ms - -[0m
[0mGET /javascripts/rhino3dm.wasm [36m304 [0m0.702 ms - -[0m
[0mGET / [32m200 [0m2.597 ms - 12407[0m
[0mGET /stylesheets/style.css [36m304 [0m0.401 ms - -[0m
[0mGET /stylesheets/colorbox.css [36m304 [0m0.297 ms - -[0m
[0mGET /javascripts/jquery.colorbox-min.js [36m304 [0m0.316 ms - -[0m
[0mGET /javascripts/jquery.colorbox-ja.js [36m304 [0m0.306 ms - -[0m
[0mGET /images/top-loading.gif [36m304 [0m0.442 ms - -[0m
[0mGET /build/three.module.js [36m304 [0m0.387 ms - -[0m
[0mGET /javascripts/OrbitControls.js [36m304 [0m0.638 ms - -[0m
[0mGET /javascripts/3DMLoader.js [36m304 [0m0.581 ms - -[0m
[0mGET /models/square.3dm [36m304 [0m0.413 ms - -[0m
[0mGET /models/man.3dm [36m304 [0m0.617 ms - -[0m
[0mGET /models/koumutenn.3dm [36m304 [0m0.598 ms - -[0m
[0mGET /images/cyber-city.jpg [36m304 [0m0.324 ms - -[0m
[0mGET /images/sky.png [36m304 [0m0.327 ms - -[0m
[0mGET /javascripts/rhino3dm.js [36m304 [0m1.862 ms - -[0m
[0mGET /javascripts/rhino3dm.wasm [36m304 [0m1.858 ms - -[0m
[0mGET / [36m304 [0m1.346 ms - -[0m
[0mGET /stylesheets/colorbox.css [36m304 [0m0.745 ms - -[0m
[0mGET /stylesheets/style.css [36m304 [0m0.705 ms - -[0m
[0mGET /javascripts/jquery.colorbox-min.js [36m304 [0m0.391 ms - -[0m
[0mGET /javascripts/jquery.colorbox-ja.js [36m304 [0m0.291 ms - -[0m
[0mGET /images/top-loading.gif [36m304 [0m0.399 ms - -[0m
[0mGET /build/three.module.js [36m304 [0m0.317 ms - -[0m
[0mGET /javascripts/3DMLoader.js [36m304 [0m1.701 ms - -[0m
[0mGET /javascripts/OrbitControls.js [36m304 [0m0.580 ms - -[0m
[0mGET /models/koumutenn.3dm [36m304 [0m0.758 ms - -[0m
[0mGET /models/man.3dm [36m304 [0m0.707 ms - -[0m
[0mGET /models/square.3dm [36m304 [0m0.298 ms - -[0m
[0mGET /images/cyber-city.jpg [36m304 [0m0.299 ms - -[0m
[0mGET /images/sky.png [36m304 [0m0.396 ms - -[0m
[0mGET /javascripts/rhino3dm.wasm [36m304 [0m0.737 ms - -[0m
[0mGET /javascripts/rhino3dm.js [36m304 [0m0.692 ms - -[0m
[0mGET / [32m200 [0m3.481 ms - 12407[0m
[0mGET /stylesheets/style.css [36m304 [0m0.464 ms - -[0m
[0mGET /stylesheets/colorbox.css [36m304 [0m0.319 ms - -[0m
[0mGET /javascripts/jquery.colorbox-ja.js [36m304 [0m0.669 ms - -[0m
[0mGET /javascripts/jquery.colorbox-min.js [36m304 [0m0.646 ms - -[0m
[0mGET /images/top-loading.gif [36m304 [0m0.404 ms - -[0m
[0mGET /build/three.module.js [36m304 [0m0.779 ms - -[0m
[0mGET /javascripts/3DMLoader.js [36m304 [0m0.728 ms - -[0m
[0mGET /javascripts/OrbitControls.js [36m304 [0m0.312 ms - -[0m
[0mGET /models/koumutenn.3dm [36m304 [0m0.437 ms - -[0m
[0mGET /models/square.3dm [36m304 [0m0.291 ms - -[0m
[0mGET /models/man.3dm [36m304 [0m0.616 ms - -[0m
[0mGET /images/cyber-city.jpg [36m304 [0m0.645 ms - -[0m
[0mGET /images/sky.png [36m304 [0m0.345 ms - -[0m
[0mGET /javascripts/rhino3dm.js [36m304 [0m0.459 ms - -[0m
[0mGET /javascripts/rhino3dm.wasm [36m304 [0m0.298 ms - -[0m
[0mGET / [32m200 [0m1.725 ms - 12405[0m
[0mGET /stylesheets/style.css [36m304 [0m0.450 ms - -[0m
[0mGET /stylesheets/colorbox.css [36m304 [0m0.322 ms - -[0m
[0mGET /javascripts/jquery.colorbox-ja.js [36m304 [0m0.388 ms - -[0m
[0mGET /javascripts/jquery.colorbox-min.js [36m304 [0m0.300 ms - -[0m
[0mGET /images/top-loading.gif [36m304 [0m0.353 ms - -[0m
[0mGET /javascripts/OrbitControls.js [36m304 [0m0.391 ms - -[0m
[0mGET /build/three.module.js [36m304 [0m0.292 ms - -[0m
[0mGET /javascripts/3DMLoader.js [36m304 [0m0.298 ms - -[0m
[0mGET /models/koumutenn.3dm [36m304 [0m0.757 ms - -[0m
[0mGET /models/square.3dm [36m304 [0m0.675 ms - -[0m
[0mGET /models/man.3dm [36m304 [0m0.292 ms - -[0m
[0mGET /images/cyber-city.jpg [36m304 [0m1.364 ms - -[0m
[0mGET /images/sky.png [36m304 [0m0.291 ms - -[0m
[0mGET /javascripts/rhino3dm.wasm [36m304 [0m0.694 ms - -[0m
[0mGET /javascripts/rhino3dm.js [36m304 [0m0.665 ms - -[0m
[0mGET / [32m200 [0m2.571 ms - 12402[0m
[0mGET /stylesheets/style.css [36m304 [0m0.417 ms - -[0m
[0mGET /stylesheets/colorbox.css [36m304 [0m0.298 ms - -[0m
[0mGET /javascripts/jquery.colorbox-min.js [36m304 [0m0.310 ms - -[0m
[0mGET /javascripts/jquery.colorbox-ja.js [36m304 [0m0.291 ms - -[0m
[0mGET /images/top-loading.gif [36m304 [0m0.421 ms - -[0m
[0mGET /build/three.module.js [36m304 [0m0.300 ms - -[0m
[0mGET /javascripts/OrbitControls.js [36m304 [0m0.286 ms - -[0m
[0mGET /javascripts/3DMLoader.js [36m304 [0m0.302 ms - -[0m
[0mGET /models/man.3dm [36m304 [0m0.719 ms - -[0m
[0mGET /models/koumutenn.3dm [36m304 [0m0.749 ms - -[0m
[0mGET /models/square.3dm [36m304 [0m0.611 ms - -[0m
[0mGET /images/cyber-city.jpg [36m304 [0m0.581 ms - -[0m
[0mGET /images/sky.png [36m304 [0m0.403 ms - -[0m
[0mGET /javascripts/rhino3dm.js [36m304 [0m0.411 ms - -[0m
[0mGET /javascripts/rhino3dm.wasm [36m304 [0m0.301 ms - -[0m
[0mGET / [32m200 [0m1.606 ms - 12411[0m
[0mGET /stylesheets/style.css [36m304 [0m0.407 ms - -[0m
[0mGET /stylesheets/colorbox.css [36m304 [0m0.314 ms - -[0m
[0mGET /javascripts/jquery.colorbox-ja.js [36m304 [0m0.309 ms - -[0m
[0mGET /javascripts/jquery.colorbox-min.js [36m304 [0m1.451 ms - -[0m
[0mGET /images/top-loading.gif [36m304 [0m0.306 ms - -[0m
[0mGET /build/three.module.js [36m304 [0m0.334 ms - -[0m
[0mGET /javascripts/OrbitControls.js [36m304 [0m0.636 ms - -[0m
[0mGET /javascripts/3DMLoader.js [36m304 [0m0.604 ms - -[0m
[0mGET /models/square.3dm [36m304 [0m0.417 ms - -[0m
[0mGET /models/man.3dm [36m304 [0m0.615 ms - -[0m
[0mGET /models/koumutenn.3dm [36m304 [0m0.603 ms - -[0m
[0mGET /images/cyber-city.jpg [36m304 [0m0.385 ms - -[0m
[0mGET /images/sky.png [36m304 [0m0.302 ms - -[0m
[0mGET /javascripts/rhino3dm.js [36m304 [0m0.407 ms - -[0m
[0mGET /javascripts/rhino3dm.wasm [36m304 [0m0.293 ms - -[0m
[0mGET / [32m200 [0m2.564 ms - 12412[0m
[0mGET /stylesheets/style.css [36m304 [0m0.494 ms - -[0m
[0mGET /stylesheets/colorbox.css [36m304 [0m0.318 ms - -[0m
[0mGET /javascripts/jquery.colorbox-min.js [36m304 [0m0.399 ms - -[0m
[0mGET /javascripts/jquery.colorbox-ja.js [36m304 [0m0.311 ms - -[0m
[0mGET /images/top-loading.gif [36m304 [0m0.418 ms - -[0m
[0mGET /build/three.module.js [36m304 [0m0.327 ms - -[0m
[0mGET /javascripts/OrbitControls.js [36m304 [0m0.315 ms - -[0m
[0mGET /javascripts/3DMLoader.js [36m304 [0m0.277 ms - -[0m
[0mGET /models/koumutenn.3dm [36m304 [0m1.372 ms - -[0m
[0mGET /models/square.3dm [36m304 [0m1.278 ms - -[0m
[0mGET /models/man.3dm [36m304 [0m1.256 ms - -[0m
[0mGET /images/cyber-city.jpg [36m304 [0m1.221 ms - -[0m
[0mGET /images/sky.png [36m304 [0m0.301 ms - -[0m
[0mGET /javascripts/rhino3dm.wasm [36m304 [0m0.710 ms - -[0m
[0mGET /javascripts/rhino3dm.js [36m304 [0m0.690 ms - -[0m
[0mGET /board [32m200 [0m0.391 ms - -[0m
[0mGET /board [32m200 [0m0.385 ms - -[0m
[0mGET / [32m200 [0m1.664 ms - 12442[0m
[0mGET /stylesheets/style.css [36m304 [0m0.434 ms - -[0m
[0mGET /stylesheets/colorbox.css [36m304 [0m0.370 ms - -[0m
[0mGET /javascripts/jquery.colorbox-min.js [36m304 [0m0.279 ms - -[0m
[0mGET /javascripts/jquery.colorbox-ja.js [36m304 [0m0.316 ms - -[0m
[0mGET /images/top-loading.gif [36m304 [0m0.339 ms - -[0m
[0mGET /build/three.module.js [36m304 [0m2.035 ms - -[0m
[0mGET /javascripts/3DMLoader.js [36m304 [0m0.629 ms - -[0m
[0mGET /javascripts/OrbitControls.js [36m304 [0m0.602 ms - -[0m
[0mGET /models/square.3dm [36m304 [0m0.430 ms - -[0m
[0mGET /models/man.3dm [36m304 [0m0.260 ms - -[0m
[0mGET /models/koumutenn.3dm [36m304 [0m0.292 ms - -[0m
[0mGET /images/cyber-city.jpg [36m304 [0m0.315 ms - -[0m
[0mGET /images/sky.png [36m304 [0m0.295 ms - -[0m
[0mGET /javascripts/rhino3dm.wasm [36m304 [0m0.435 ms - -[0m
[0mGET /javascripts/rhino3dm.js [36m304 [0m0.291 ms - -[0m
[0mGET / [32m200 [0m1.635 ms - 12432[0m
[0mGET /stylesheets/style.css [36m304 [0m0.430 ms - -[0m
[0mGET /stylesheets/colorbox.css [36m304 [0m0.320 ms - -[0m
[0mGET /javascripts/jquery.colorbox-min.js [36m304 [0m0.401 ms - -[0m
[0mGET /javascripts/jquery.colorbox-ja.js [36m304 [0m0.301 ms - -[0m
[0mGET /images/top-loading.gif [36m304 [0m0.356 ms - -[0m
[0mGET /build/three.module.js [36m304 [0m0.670 ms - -[0m
[0mGET /javascripts/OrbitControls.js [36m304 [0m0.659 ms - -[0m
[0mGET /javascripts/3DMLoader.js [36m304 [0m0.306 ms - -[0m
[0mGET /models/koumutenn.3dm [36m304 [0m2.140 ms - -[0m
[0mGET /models/man.3dm [36m304 [0m1.090 ms - -[0m
[0mGET /models/square.3dm [36m304 [0m1.007 ms - -[0m
[0mGET /images/cyber-city.jpg [36m304 [0m0.292 ms - -[0m
[0mGET /images/sky.png [36m304 [0m0.378 ms - -[0m
[0mGET /javascripts/rhino3dm.js [36m304 [0m0.398 ms - -[0m
[0mGET /javascripts/rhino3dm.wasm [36m304 [0m0.287 ms - -[0m
[0mGET / [32m200 [0m1.630 ms - 12436[0m
[0mGET /stylesheets/style.css [36m304 [0m0.419 ms - -[0m
[0mGET /stylesheets/colorbox.css [36m304 [0m0.292 ms - -[0m
[0mGET /javascripts/jquery.colorbox-min.js [36m304 [0m0.710 ms - -[0m
[0mGET /javascripts/jquery.colorbox-ja.js [36m304 [0m0.666 ms - -[0m
[0mGET /images/top-loading.gif [36m304 [0m0.399 ms - -[0m
[0mGET /build/three.module.js [36m304 [0m0.441 ms - -[0m
[0mGET /javascripts/3DMLoader.js [36m304 [0m0.598 ms - -[0m
[0mGET /javascripts/OrbitControls.js [36m304 [0m0.568 ms - -[0m
[0mGET /models/square.3dm [36m304 [0m0.434 ms - -[0m
[0mGET /models/man.3dm [36m304 [0m0.964 ms - -[0m
[0mGET /images/cyber-city.jpg [36m304 [0m0.947 ms - -[0m
[0mGET /models/koumutenn.3dm [36m304 [0m0.927 ms - -[0m
[0mGET /images/sky.png [36m304 [0m0.391 ms - -[0m
[0mGET /javascripts/rhino3dm.js [36m304 [0m0.776 ms - -[0m
[0mGET /javascripts/rhino3dm.wasm [36m304 [0m0.687 ms - -[0m
[0mGET / [32m200 [0m2.714 ms - 12436[0m
[0mGET /stylesheets/colorbox.css [36m304 [0m0.755 ms - -[0m
[0mGET /stylesheets/style.css [36m304 [0m0.653 ms - -[0m
[0mGET /javascripts/jquery.colorbox-min.js [36m304 [0m0.306 ms - -[0m
[0mGET /javascripts/jquery.colorbox-ja.js [36m304 [0m0.286 ms - -[0m
[0mGET /images/top-loading.gif [36m304 [0m0.391 ms - -[0m
[0mGET /javascripts/3DMLoader.js [36m304 [0m0.598 ms - -[0m
[0mGET /build/three.module.js [36m304 [0m0.576 ms - -[0m
[0mGET /javascripts/OrbitControls.js [36m304 [0m0.317 ms - -[0m
[0mGET /models/koumutenn.3dm [36m304 [0m1.069 ms - -[0m
[0mGET /models/man.3dm [36m304 [0m0.973 ms - -[0m
[0mGET /models/square.3dm [36m304 [0m0.950 ms - -[0m
[0mGET /images/cyber-city.jpg [36m304 [0m1.438 ms - -[0m
[0mGET /images/sky.png [36m304 [0m0.364 ms - -[0m
[0mGET /javascripts/rhino3dm.wasm [36m304 [0m0.770 ms - -[0m
[0mGET /javascripts/rhino3dm.js [36m304 [0m0.719 ms - -[0m
[0mGET / [32m200 [0m1.642 ms - 12482[0m
[0mGET /stylesheets/style.css [36m304 [0m0.421 ms - -[0m
[0mGET /stylesheets/colorbox.css [36m304 [0m0.312 ms - -[0m
[0mGET /javascripts/jquery.colorbox-min.js [36m304 [0m0.384 ms - -[0m
[0mGET /javascripts/jquery.colorbox-ja.js [36m304 [0m0.322 ms - -[0m
[0mGET /images/top-loading.gif [36m304 [0m0.393 ms - -[0m
[0mGET /build/three.module.js [36m304 [0m0.294 ms - -[0m
[0mGET /javascripts/OrbitControls.js [36m304 [0m0.282 ms - -[0m
[0mGET /javascripts/3DMLoader.js [36m304 [0m0.296 ms - -[0m
[0mGET /models/koumutenn.3dm [36m304 [0m0.415 ms - -[0m
[0mGET /models/man.3dm [36m304 [0m0.959 ms - -[0m
[0mGET /models/square.3dm [36m304 [0m0.952 ms - -[0m
[0mGET /images/cyber-city.jpg [36m304 [0m0.932 ms - -[0m
[0mGET /images/sky.png [36m304 [0m0.421 ms - -[0m
[0mGET /javascripts/rhino3dm.js [36m304 [0m0.410 ms - -[0m
[0mGET /javascripts/rhino3dm.wasm [36m304 [0m0.292 ms - -[0m
[0mGET / [32m200 [0m2.752 ms - 12460[0m
[0mGET /stylesheets/style.css [36m304 [0m0.394 ms - -[0m
[0mGET /stylesheets/colorbox.css [36m304 [0m0.302 ms - -[0m
[0mGET /javascripts/jquery.colorbox-min.js [36m304 [0m0.324 ms - -[0m
[0mGET /javascripts/jquery.colorbox-ja.js [36m304 [0m0.283 ms - -[0m
[0mGET /images/top-loading.gif [36m304 [0m0.386 ms - -[0m
[0mGET /build/three.module.js [36m304 [0m0.347 ms - -[0m
[0mGET /javascripts/OrbitControls.js [36m304 [0m0.283 ms - -[0m
[0mGET /javascripts/3DMLoader.js [36m304 [0m0.304 ms - -[0m
[0mGET /images/cyber-city.jpg [36m304 [0m1.125 ms - -[0m
[0mGET /models/square.3dm [36m304 [0m1.096 ms - -[0m
[0mGET /models/koumutenn.3dm [36m304 [0m0.967 ms - -[0m
[0mGET /models/man.3dm [36m304 [0m0.286 ms - -[0m
[0mGET /images/sky.png [36m304 [0m0.359 ms - -[0m
[0mGET /javascripts/rhino3dm.js [36m304 [0m0.413 ms - -[0m
[0mGET /javascripts/rhino3dm.wasm [36m304 [0m1.526 ms - -[0m
[0mGET / [36m304 [0m1.677 ms - -[0m
[0mGET /stylesheets/style.css [36m304 [0m0.813 ms - -[0m
[0mGET /stylesheets/colorbox.css [36m304 [0m0.698 ms - -[0m
[0mGET /javascripts/jquery.colorbox-min.js [36m304 [0m0.394 ms - -[0m
[0mGET /javascripts/jquery.colorbox-ja.js [36m304 [0m0.290 ms - -[0m
[0mGET /images/top-loading.gif [36m304 [0m0.436 ms - -[0m
[0mGET /build/three.module.js [36m304 [0m0.362 ms - -[0m
[0mGET /javascripts/3DMLoader.js [36m304 [0m0.576 ms - -[0m
[0mGET /javascripts/OrbitControls.js [36m304 [0m1.770 ms - -[0m
[0mGET /models/square.3dm [36m304 [0m0.426 ms - -[0m
[0mGET /models/man.3dm [36m304 [0m0.299 ms - -[0m
[0mGET /models/koumutenn.3dm [36m304 [0m0.280 ms - -[0m
[0mGET /images/cyber-city.jpg [36m304 [0m0.319 ms - -[0m
[0mGET /images/sky.png [36m304 [0m0.577 ms - -[0m
[0mGET /javascripts/rhino3dm.js [36m304 [0m0.723 ms - -[0m
[0mGET /javascripts/rhino3dm.wasm [36m304 [0m0.662 ms - -[0m
[0mGET / [32m200 [0m1.689 ms - 12438[0m
[0mGET /stylesheets/style.css [36m304 [0m0.425 ms - -[0m
[0mGET /stylesheets/colorbox.css [36m304 [0m0.308 ms - -[0m
[0mGET /javascripts/jquery.colorbox-min.js [36m304 [0m0.336 ms - -[0m
[0mGET /javascripts/jquery.colorbox-ja.js [36m304 [0m1.331 ms - -[0m
[0mGET /images/top-loading.gif [36m304 [0m0.426 ms - -[0m
[0mGET /build/three.module.js [36m304 [0m0.360 ms - -[0m
[0mGET /javascripts/OrbitControls.js [36m304 [0m0.576 ms - -[0m
[0mGET /javascripts/3DMLoader.js [36m304 [0m0.551 ms - -[0m
[0mGET /models/square.3dm [36m304 [0m0.402 ms - -[0m
[0mGET /models/man.3dm [36m304 [0m0.290 ms - -[0m
[0mGET /models/koumutenn.3dm [36m304 [0m0.269 ms - -[0m
[0mGET /images/cyber-city.jpg [36m304 [0m0.314 ms - -[0m
[0mGET /images/sky.png [36m304 [0m0.333 ms - -[0m
[0mGET /javascripts/rhino3dm.js [36m304 [0m0.776 ms - -[0m
[0mGET /javascripts/rhino3dm.wasm [36m304 [0m0.738 ms - -[0m
[0mGET /board [32m200 [0m0.366 ms - -[0m
[0mGET / [32m200 [0m1.605 ms - 12441[0m
[0mGET /stylesheets/style.css [36m304 [0m0.404 ms - -[0m
[0mGET /stylesheets/colorbox.css [36m304 [0m0.288 ms - -[0m
[0mGET /javascripts/jquery.colorbox-min.js [36m304 [0m0.397 ms - -[0m
[0mGET /javascripts/jquery.colorbox-ja.js [36m304 [0m0.284 ms - -[0m
[0mGET /images/top-loading.gif [36m304 [0m0.397 ms - -[0m
[0mGET /javascripts/OrbitControls.js [36m304 [0m0.287 ms - -[0m
[0mGET /javascripts/3DMLoader.js [36m304 [0m0.576 ms - -[0m
[0mGET /build/three.module.js [36m304 [0m0.548 ms - -[0m
[0mGET /models/square.3dm [36m304 [0m0.433 ms - -[0m
[0mGET /models/man.3dm [36m304 [0m0.288 ms - -[0m
[0mGET /models/koumutenn.3dm [36m304 [0m0.294 ms - -[0m
[0mGET /images/cyber-city.jpg [36m304 [0m0.320 ms - -[0m
[0mGET /images/sky.png [36m304 [0m0.329 ms - -[0m
[0mGET /javascripts/rhino3dm.js [36m304 [0m0.754 ms - -[0m
[0mGET /javascripts/rhino3dm.wasm [36m304 [0m0.676 ms - -[0m
[0mGET /board [32m200 [0m0.365 ms - -[0m
[0mGET /board [32m200 [0m0.363 ms - -[0m
[0mGET / [32m200 [0m2.918 ms - 13769[0m
[0mGET /stylesheets/style.css [36m304 [0m0.461 ms - -[0m
[0mGET /stylesheets/colorbox.css [36m304 [0m0.340 ms - -[0m
[0mGET /javascripts/jquery.colorbox-min.js [36m304 [0m0.717 ms - -[0m
[0mGET /javascripts/jquery.colorbox-ja.js [36m304 [0m0.639 ms - -[0m
[0mGET /images/top-loading.gif [36m304 [0m0.405 ms - -[0m
[0mGET /javascripts/3DMLoader.js [36m304 [0m0.340 ms - -[0m
[0mGET /build/three.module.js [36m304 [0m0.312 ms - -[0m
[0mGET /javascripts/OrbitControls.js [36m304 [0m0.304 ms - -[0m
[0mGET /models/man.3dm [36m304 [0m0.439 ms - -[0m
[0mGET /models/square.3dm [36m304 [0m0.325 ms - -[0m
[0mGET /models/koumutenn.3dm [36m304 [0m0.296 ms - -[0m
[0mGET /images/sky.png [36m304 [0m0.310 ms - -[0m
[0mGET /images/billboardtexture.jpg [32m200 [0m0.661 ms - 19502[0m
[0mGET /javascripts/rhino3dm.js [36m304 [0m0.428 ms - -[0m
[0mGET /javascripts/rhino3dm.wasm [36m304 [0m0.296 ms - -[0m
[0mGET / [32m200 [0m1.794 ms - 13769[0m
[0mGET /stylesheets/style.css [36m304 [0m0.886 ms - -[0m
[0mGET /stylesheets/colorbox.css [36m304 [0m0.745 ms - -[0m
[0mGET /javascripts/jquery.colorbox-min.js [36m304 [0m0.319 ms - -[0m
[0mGET /javascripts/jquery.colorbox-ja.js [36m304 [0m0.333 ms - -[0m
[0mGET /images/top-loading.gif [36m304 [0m0.370 ms - -[0m
[0mGET /javascripts/OrbitControls.js [36m304 [0m0.303 ms - -[0m
[0mGET /build/three.module.js [36m304 [0m0.642 ms - -[0m
[0mGET /javascripts/3DMLoader.js [36m304 [0m0.572 ms - -[0m
[0mGET /models/man.3dm [36m304 [0m1.759 ms - -[0m
[0mGET /models/square.3dm [36m304 [0m0.688 ms - -[0m
[0mGET /models/koumutenn.3dm [36m304 [0m0.325 ms - -[0m
[0mGET /images/billboardtexture.jpg [36m304 [0m0.287 ms - -[0m
[0mGET /images/sky.png [36m304 [0m0.303 ms - -[0m
[0mGET /javascripts/rhino3dm.js [36m304 [0m0.433 ms - -[0m
[0mGET /javascripts/rhino3dm.wasm [36m304 [0m0.327 ms - -[0m
[0mGET / [32m200 [0m2.607 ms - 13840[0m
[0mGET /stylesheets/colorbox.css [36m304 [0m0.784 ms - -[0m
[0mGET /stylesheets/style.css [36m304 [0m0.687 ms - -[0m
[0mGET /javascripts/jquery.colorbox-min.js [36m304 [0m0.413 ms - -[0m
[0mGET /javascripts/jquery.colorbox-ja.js [36m304 [0m0.306 ms - -[0m
[0mGET /images/top-loading.gif [36m304 [0m0.432 ms - -[0m
[0mGET / [32m200 [0m1.754 ms - 13843[0m
[0mGET /stylesheets/style.css [36m304 [0m1.250 ms - -[0m
[0mGET /stylesheets/colorbox.css [36m304 [0m0.317 ms - -[0m
[0mGET /javascripts/jquery.colorbox-min.js [36m304 [0m0.293 ms - -[0m
[0mGET /javascripts/jquery.colorbox-ja.js [36m304 [0m0.296 ms - -[0m
[0mGET /images/top-loading.gif [36m304 [0m0.295 ms - -[0m
[0mGET /build/three.module.js [36m304 [0m0.335 ms - -[0m
[0mGET /javascripts/OrbitControls.js [36m304 [0m0.613 ms - -[0m
[0mGET /javascripts/3DMLoader.js [36m304 [0m0.587 ms - -[0m
[0mGET /models/man.3dm [36m304 [0m1.091 ms - -[0m
[0mGET /models/square.3dm [36m304 [0m0.985 ms - -[0m
[0mGET /models/koumutenn.3dm [36m304 [0m0.917 ms - -[0m
[0mGET /images/billboardtexture.jpg [36m304 [0m0.738 ms - -[0m
[0mGET /images/sky.png [36m304 [0m0.636 ms - -[0m
[0mGET /javascripts/rhino3dm.wasm [36m304 [0m0.667 ms - -[0m
[0mGET /javascripts/rhino3dm.js [36m304 [0m0.661 ms - -[0m
[0mGET / [32m200 [0m1.734 ms - 13842[0m
[0mGET /stylesheets/style.css [36m304 [0m0.409 ms - -[0m
[0mGET /stylesheets/colorbox.css [36m304 [0m0.331 ms - -[0m
[0mGET /javascripts/jquery.colorbox-min.js [36m304 [0m0.334 ms - -[0m
[0mGET /javascripts/jquery.colorbox-ja.js [36m304 [0m1.150 ms - -[0m
[0mGET /images/top-loading.gif [36m304 [0m0.305 ms - -[0m
[0mGET /build/three.module.js [36m304 [0m0.299 ms - -[0m
[0mGET /javascripts/3DMLoader.js [36m304 [0m0.588 ms - -[0m
[0mGET /javascripts/OrbitControls.js [36m304 [0m0.553 ms - -[0m
[0mGET /models/square.3dm [36m304 [0m0.694 ms - -[0m
[0mGET /models/koumutenn.3dm [36m304 [0m0.648 ms - -[0m
[0mGET /models/man.3dm [36m304 [0m0.651 ms - -[0m
[0mGET /images/billboardtexture.jpg [36m304 [0m0.575 ms - -[0m
[0mGET /images/sky.png [36m304 [0m0.311 ms - -[0m
[0mGET /javascripts/rhino3dm.js [36m304 [0m0.755 ms - -[0m
[0mGET /javascripts/rhino3dm.wasm [36m304 [0m0.692 ms - -[0m
[0mGET / [32m200 [0m1.695 ms - 13836[0m
[0mGET /stylesheets/style.css [36m304 [0m0.455 ms - -[0m
[0mGET /stylesheets/colorbox.css [36m304 [0m0.337 ms - -[0m
[0mGET /javascripts/jquery.colorbox-ja.js [36m304 [0m0.323 ms - -[0m
[0mGET /javascripts/jquery.colorbox-min.js [36m304 [0m0.350 ms - -[0m
[0mGET /images/top-loading.gif [36m304 [0m0.314 ms - -[0m
[0mGET /javascripts/3DMLoader.js [36m304 [0m0.330 ms - -[0m
[0mGET /build/three.module.js [36m304 [0m0.284 ms - -[0m
[0mGET /javascripts/OrbitControls.js [36m304 [0m0.287 ms - -[0m
[0mGET /models/koumutenn.3dm [36m304 [0m0.403 ms - -[0m
[0mGET /models/square.3dm [36m304 [0m0.708 ms - -[0m
[0mGET /images/billboardtexture.jpg [36m304 [0m0.671 ms - -[0m
[0mGET /models/man.3dm [36m304 [0m0.322 ms - -[0m
[0mGET /images/sky.png [36m304 [0m0.295 ms - -[0m
[0mGET /javascripts/rhino3dm.js [36m304 [0m0.448 ms - -[0m
[0mGET /javascripts/rhino3dm.wasm [36m304 [0m0.319 ms - -[0m
[0mGET /stylesheets/style.css [36m304 [0m0.745 ms - -[0m
[0mGET /stylesheets/colorbox.css [36m304 [0m0.717 ms - -[0m
[0mGET / [36m304 [0m2.633 ms - -[0m
[0mGET /stylesheets/style.css [36m304 [0m0.413 ms - -[0m
[0mGET /stylesheets/colorbox.css [36m304 [0m0.310 ms - -[0m
[0mGET /javascripts/jquery.colorbox-min.js [36m304 [0m0.473 ms - -[0m
[0mGET /javascripts/jquery.colorbox-ja.js [36m304 [0m0.306 ms - -[0m
[0mGET /images/top-loading.gif [36m304 [0m0.421 ms - -[0m
[0mGET /javascripts/OrbitControls.js [36m304 [0m0.725 ms - -[0m
[0mGET /javascripts/3DMLoader.js [36m304 [0m0.662 ms - -[0m
[0mGET /build/three.module.js [36m304 [0m0.308 ms - -[0m
[0mGET /models/square.3dm [36m304 [0m1.108 ms - -[0m
[0mGET /models/koumutenn.3dm [36m304 [0m1.006 ms - -[0m
[0mGET /models/man.3dm [36m304 [0m0.962 ms - -[0m
[0mGET /images/billboardtexture.jpg [36m304 [0m0.299 ms - -[0m
[0mGET /images/sky.png [36m304 [0m0.375 ms - -[0m
[0mGET /javascripts/rhino3dm.js [36m304 [0m1.799 ms - -[0m
[0mGET /javascripts/rhino3dm.wasm [36m304 [0m0.695 ms - -[0m
[0mGET / [36m304 [0m1.319 ms - -[0m
[0mGET /stylesheets/style.css [36m304 [0m0.469 ms - -[0m
[0mGET /stylesheets/colorbox.css [36m304 [0m0.328 ms - -[0m
[0mGET /javascripts/jquery.colorbox-min.js [36m304 [0m0.301 ms - -[0m
[0mGET /javascripts/jquery.colorbox-ja.js [36m304 [0m0.303 ms - -[0m
[0mGET /images/top-loading.gif [36m304 [0m0.384 ms - -[0m
[0mGET /javascripts/3DMLoader.js [36m304 [0m0.976 ms - -[0m
[0mGET /javascripts/OrbitControls.js [36m304 [0m0.931 ms - -[0m
[0mGET /build/three.module.js [36m304 [0m0.927 ms - -[0m
[0mGET /models/square.3dm [36m304 [0m0.491 ms - -[0m
[0mGET /models/koumutenn.3dm [36m304 [0m0.313 ms - -[0m
[0mGET /images/billboardtexture.jpg [36m304 [0m0.293 ms - -[0m
[0mGET /images/sky.png [36m304 [0m0.268 ms - -[0m
[0mGET /javascripts/rhino3dm.js [36m304 [0m0.460 ms - -[0m
[0mGET /javascripts/rhino3dm.wasm [36m304 [0m0.312 ms - -[0m
[0mGET /models/man.3dm [32m200 [0m0.472 ms - 712484[0m
[0mGET / [32m200 [0m2.795 ms - 13625[0m
[0mGET /stylesheets/style.css [36m304 [0m0.431 ms - -[0m
[0mGET /stylesheets/colorbox.css [36m304 [0m0.305 ms - -[0m
[0mGET /javascripts/jquery.colorbox-min.js [36m304 [0m0.303 ms - -[0m
[0mGET /javascripts/jquery.colorbox-ja.js [36m304 [0m0.315 ms - -[0m
[0mGET /images/top-loading.gif [36m304 [0m0.428 ms - -[0m
[0mGET /javascripts/OrbitControls.js [36m304 [0m0.782 ms - -[0m
[0mGET /build/three.module.js [36m304 [0m0.695 ms - -[0m
[0mGET /javascripts/3DMLoader.js [36m304 [0m5.274 ms - -[0m
[0mGET /models/man.3dm [36m304 [0m0.434 ms - -[0m
[0mGET /images/sky.png [36m304 [0m1.895 ms - -[0m
[0mGET /models/square.3dm [36m304 [0m0.870 ms - -[0m
[0mGET /images/billboardtexture.jpg [36m304 [0m0.829 ms - -[0m
[0mGET /javascripts/rhino3dm.js [36m304 [0m0.715 ms - -[0m
[0mGET /javascripts/rhino3dm.wasm [36m304 [0m0.659 ms - -[0m
[0mGET /board [32m200 [0m0.583 ms - -[0m
[0mGET /board [32m200 [0m0.392 ms - -[0m
[0mGET / [32m200 [0m1.663 ms - 13665[0m
[0mGET /stylesheets/style.css [36m304 [0m0.416 ms - -[0m
[0mGET /stylesheets/colorbox.css [36m304 [0m0.297 ms - -[0m
[0mGET /javascripts/jquery.colorbox-min.js [36m304 [0m0.307 ms - -[0m
[0mGET /javascripts/jquery.colorbox-ja.js [36m304 [0m0.301 ms - -[0m
[0mGET /images/top-loading.gif [36m304 [0m0.315 ms - -[0m
[0mGET /build/three.module.js [36m304 [0m0.297 ms - -[0m
[0mGET /javascripts/3DMLoader.js [36m304 [0m0.288 ms - -[0m
[0mGET /javascripts/OrbitControls.js [36m304 [0m0.279 ms - -[0m
[0mGET /models/man.3dm [36m304 [0m0.459 ms - -[0m
[0mGET /images/billboardtexture.jpg [36m304 [0m0.621 ms - -[0m
[0mGET /models/square.3dm [36m304 [0m0.583 ms - -[0m
[0mGET /images/sky.png [36m304 [0m1.114 ms - -[0m
[0mGET /javascripts/rhino3dm.js [36m304 [0m0.752 ms - -[0m
[0mGET /javascripts/rhino3dm.wasm [36m304 [0m0.732 ms - -[0m
[0mGET /board [32m200 [0m0.367 ms - -[0m
[0mGET /board [32m200 [0m3.268 ms - -[0m
[0mGET /board [32m200 [0m0.536 ms - -[0m
[0mGET /board [32m200 [0m0.391 ms - -[0m
[0mGET /board [32m200 [0m0.428 ms - -[0m
[0mGET / [36m304 [0m1.670 ms - -[0m
[0mGET /stylesheets/style.css [36m304 [0m0.423 ms - -[0m
[0mGET /stylesheets/colorbox.css [36m304 [0m0.351 ms - -[0m
[0mGET /javascripts/jquery.colorbox-min.js [36m304 [0m0.311 ms - -[0m
[0mGET /javascripts/jquery.colorbox-ja.js [36m304 [0m0.346 ms - -[0m
[0mGET /images/top-loading.gif [36m304 [0m0.337 ms - -[0m
[0mGET /build/three.module.js [36m304 [0m0.336 ms - -[0m
[0mGET /javascripts/OrbitControls.js [36m304 [0m0.291 ms - -[0m
[0mGET /javascripts/3DMLoader.js [36m304 [0m0.288 ms - -[0m
[0mGET /models/man.3dm [36m304 [0m0.978 ms - -[0m
[0mGET /images/billboardtexture.jpg [36m304 [0m0.920 ms - -[0m
[0mGET /images/sky.png [36m304 [0m0.873 ms - -[0m
[0mGET /javascripts/rhino3dm.js [36m304 [0m0.784 ms - -[0m
[0mGET /javascripts/rhino3dm.wasm [36m304 [0m0.666 ms - -[0m
[0mGET /models/square.3dm [32m200 [0m0.598 ms - 26346302[0m
[0mGET / [36m304 [0m1.724 ms - -[0m
[0mGET /stylesheets/style.css [36m304 [0m0.406 ms - -[0m
[0mGET /stylesheets/colorbox.css [36m304 [0m0.318 ms - -[0m
[0mGET /javascripts/jquery.colorbox-min.js [36m304 [0m0.297 ms - -[0m
[0mGET /javascripts/jquery.colorbox-ja.js [36m304 [0m0.312 ms - -[0m
[0mGET /images/top-loading.gif [36m304 [0m0.297 ms - -[0m
[0mGET /build/three.module.js [36m304 [0m0.300 ms - -[0m
[0mGET /javascripts/OrbitControls.js [36m304 [0m0.654 ms - -[0m
[0mGET /javascripts/3DMLoader.js [36m304 [0m0.602 ms - -[0m
[0mGET /models/man.3dm [36m304 [0m0.928 ms - -[0m
[0mGET /images/billboardtexture.jpg [36m304 [0m0.914 ms - -[0m
[0mGET /images/sky.png [36m304 [0m0.364 ms - -[0m
[0mGET /javascripts/rhino3dm.wasm [36m304 [0m0.725 ms - -[0m
[0mGET /javascripts/rhino3dm.js [36m304 [0m0.679 ms - -[0m
[0mGET /models/square.3dm [32m200 [0m3.516 ms - 26542666[0m
[0mGET /board [32m200 [0m0.399 ms - -[0m
[0mGET / [36m304 [0m2.372 ms - -[0m
[0mGET /stylesheets/style.css [36m304 [0m0.386 ms - -[0m
[0mGET /stylesheets/colorbox.css [36m304 [0m0.295 ms - -[0m
[0mGET /javascripts/jquery.colorbox-min.js [36m304 [0m0.328 ms - -[0m
[0mGET /javascripts/jquery.colorbox-ja.js [36m304 [0m0.315 ms - -[0m
[0mGET /images/top-loading.gif [36m304 [0m0.367 ms - -[0m
[0mGET /build/three.module.js [36m304 [0m0.320 ms - -[0m
[0mGET /javascripts/OrbitControls.js [36m304 [0m0.368 ms - -[0m
[0mGET /javascripts/3DMLoader.js [36m304 [0m0.329 ms - -[0m
[0mGET /images/billboardtexture.jpg [36m304 [0m9.244 ms - -[0m
[0mGET /models/man.3dm [36m304 [0m9.208 ms - -[0m
[0mGET /images/sky.png [36m304 [0m1.321 ms - -[0m
[0mGET /javascripts/rhino3dm.js [36m304 [0m0.480 ms - -[0m
[0mGET /javascripts/rhino3dm.wasm [36m304 [0m0.319 ms - -[0m
[0mGET /models/square.3dm [32m200 [0m2.207 ms - 26695804[0m
[0mGET /board [32m200 [0m0.375 ms - -[0m
[0mGET / [32m200 [0m2.463 ms - 13665[0m
[0mGET / [32m200 [0m2.084 ms - 13665[0m
[0mGET http://passport.baidu.com/ [32m200 [0m1.312 ms - 13665[0m
[0mGET / [32m200 [0m2.053 ms - 15927[0m
[0mGET /stylesheets/style.css [36m304 [0m0.468 ms - -[0m
[0mGET /javascripts/jquery.colorbox-min.js [36m304 [0m0.310 ms - -[0m
[0mGET /javascripts/jquery.colorbox-ja.js [36m304 [0m0.764 ms - -[0m
[0mGET /stylesheets/colorbox.css [36m304 [0m0.659 ms - -[0m
[0mGET /images/top-loading.gif [36m304 [0m0.400 ms - -[0m
[0mGET /javascripts/3DMLoader.js [36m304 [0m0.664 ms - -[0m
[0mGET /javascripts/OrbitControls.js [36m304 [0m0.640 ms - -[0m
[0mGET /build/three.module.js [36m304 [0m0.284 ms - -[0m
[0mGET /models/man.3dm [36m304 [0m1.897 ms - -[0m
[0mGET /images/sky.png [36m304 [0m1.810 ms - -[0m
[0mGET /models/square.3dm [36m304 [0m0.988 ms - -[0m
[0mGET /images/billboardtexture.jpg [36m304 [0m0.295 ms - -[0m
[0mGET /javascripts/rhino3dm.wasm [36m304 [0m0.416 ms - -[0m
[0mGET /javascripts/rhino3dm.js [36m304 [0m0.291 ms - -[0m
[0mGET /stylesheets/style.css [36m304 [0m0.418 ms - -[0m
[0mGET /stylesheets/colorbox.css [36m304 [0m0.386 ms - -[0m
[0mGET / [32m200 [0m1.785 ms - 15666[0m
[0mGET /stylesheets/colorbox.css [36m304 [0m0.458 ms - -[0m
[0mGET /stylesheets/style.css [36m304 [0m0.288 ms - -[0m
[0mGET /javascripts/jquery.colorbox-ja.js [36m304 [0m0.743 ms - -[0m
[0mGET /javascripts/jquery.colorbox-min.js [36m304 [0m0.659 ms - -[0m
[0mGET /images/top-loading.gif [36m304 [0m1.102 ms - -[0m
[0mGET /javascripts/3DMLoader.js [36m304 [0m1.114 ms - -[0m
[0mGET /build/three.module.js [36m304 [0m1.108 ms - -[0m
[0mGET /javascripts/OrbitControls.js [36m304 [0m0.296 ms - -[0m
[0mGET /images/billboardtexture.jpg [36m304 [0m1.104 ms - -[0m
[0mGET /models/man.3dm [36m304 [0m1.040 ms - -[0m
[0mGET /images/sky.png [36m304 [0m1.002 ms - -[0m
[0mGET /models/square.3dm [36m304 [0m0.288 ms - -[0m
[0mGET /javascripts/rhino3dm.js [36m304 [0m0.352 ms - -[0m
[0mGET /javascripts/rhino3dm.wasm [36m304 [0m0.297 ms - -[0m
[0mGET /board [32m200 [0m0.376 ms - -[0m
[0mGET /board [32m200 [0m0.423 ms - -[0m
[0mGET / [36m304 [0m1.882 ms - -[0m
[0mGET /stylesheets/style.css [36m304 [0m0.481 ms - -[0m
[0mGET /stylesheets/colorbox.css [36m304 [0m0.289 ms - -[0m
[0mGET /javascripts/jquery.colorbox-ja.js [36m304 [0m0.728 ms - -[0m
[0mGET /javascripts/jquery.colorbox-min.js [36m304 [0m0.681 ms - -[0m
[0mGET /images/top-loading.gif [36m304 [0m0.417 ms - -[0m
[0mGET /javascripts/3DMLoader.js [36m304 [0m0.675 ms - -[0m
[0mGET /build/three.module.js [36m304 [0m0.618 ms - -[0m
[0mGET /javascripts/OrbitControls.js [36m304 [0m1.071 ms - -[0m
[0mGET /images/sky.png [36m304 [0m1.090 ms - -[0m
[0mGET /images/billboardtexture.jpg [36m304 [0m1.025 ms - -[0m
[0mGET /models/man.3dm [36m304 [0m0.983 ms - -[0m
[0mGET /models/square.3dm [36m304 [0m0.289 ms - -[0m
[0mGET /javascripts/rhino3dm.wasm [36m304 [0m0.421 ms - -[0m
[0mGET /javascripts/rhino3dm.js [36m304 [0m0.290 ms - -[0m
[0mGET / [36m304 [0m1.358 ms - -[0m
[0mGET /stylesheets/style.css [36m304 [0m0.408 ms - -[0m
[0mGET /stylesheets/colorbox.css [36m304 [0m0.315 ms - -[0m
[0mGET /javascripts/jquery.colorbox-ja.js [36m304 [0m0.718 ms - -[0m
[0mGET /javascripts/jquery.colorbox-min.js [36m304 [0m0.654 ms - -[0m
[0mGET /images/top-loading.gif [36m304 [0m0.404 ms - -[0m
[0mGET /build/three.module.js [36m304 [0m0.313 ms - -[0m
[0mGET /javascripts/OrbitControls.js [36m304 [0m0.601 ms - -[0m
[0mGET /javascripts/3DMLoader.js [36m304 [0m0.561 ms - -[0m
[0mGET /models/square.3dm [36m304 [0m0.419 ms - -[0m
[0mGET /models/man.3dm [36m304 [0m0.296 ms - -[0m
[0mGET /images/billboardtexture.jpg [36m304 [0m0.296 ms - -[0m
[0mGET /images/sky.png [36m304 [0m0.320 ms - -[0m
[0mGET /javascripts/rhino3dm.wasm [36m304 [0m0.737 ms - -[0m
[0mGET /javascripts/rhino3dm.js [36m304 [0m0.684 ms - -[0m
[0mGET / [36m304 [0m1.419 ms - -[0m
[0mGET /stylesheets/style.css [36m304 [0m0.467 ms - -[0m
[0mGET /stylesheets/colorbox.css [36m304 [0m0.298 ms - -[0m
[0mGET /javascripts/jquery.colorbox-min.js [36m304 [0m0.379 ms - -[0m
[0mGET /javascripts/jquery.colorbox-ja.js [36m304 [0m0.309 ms - -[0m
[0mGET /images/top-loading.gif [36m304 [0m0.392 ms - -[0m
[0mGET /build/three.module.js [36m304 [0m0.311 ms - -[0m
[0mGET /javascripts/3DMLoader.js [36m304 [0m0.340 ms - -[0m
[0mGET /javascripts/OrbitControls.js [36m304 [0m0.283 ms - -[0m
[0mGET /models/man.3dm [36m304 [0m1.130 ms - -[0m
[0mGET /images/sky.png [36m304 [0m1.017 ms - -[0m
[0mGET /images/billboardtexture.jpg [36m304 [0m0.950 ms - -[0m
[0mGET /models/square.3dm [36m304 [0m0.304 ms - -[0m
[0mGET /javascripts/rhino3dm.js [36m304 [0m0.424 ms - -[0m
[0mGET /javascripts/rhino3dm.wasm [36m304 [0m0.296 ms - -[0m
[0mGET / [32m200 [0m1.785 ms - 15763[0m
[0mGET /stylesheets/colorbox.css [36m304 [0m1.855 ms - -[0m
[0mGET /stylesheets/style.css [36m304 [0m1.702 ms - -[0m
[0mGET /javascripts/jquery.colorbox-ja.js [36m304 [0m0.756 ms - -[0m
[0mGET /javascripts/jquery.colorbox-min.js [36m304 [0m0.699 ms - -[0m
[0mGET /images/top-loading.gif [36m304 [0m0.410 ms - -[0m
[0mGET /build/three.module.js [36m304 [0m0.298 ms - -[0m
[0mGET /javascripts/OrbitControls.js [36m304 [0m0.343 ms - -[0m
[0mGET /javascripts/3DMLoader.js [36m304 [0m0.299 ms - -[0m
[0mGET /models/square.3dm [36m304 [0m0.476 ms - -[0m
[0mGET /images/sky.png [36m304 [0m0.875 ms - -[0m
[0mGET /images/billboardtexture.jpg [36m304 [0m0.867 ms - -[0m
[0mGET /models/man.3dm [36m304 [0m0.860 ms - -[0m
[0mGET /socket.io/?EIO=3&transport=polling&t=NTM4jiJ [33m404 [0m1.579 ms - 913[0m
[0mGET /javascripts/rhino3dm.js [36m304 [0m0.779 ms - -[0m
[0mGET /javascripts/rhino3dm.wasm [36m304 [0m0.699 ms - -[0m
[0mGET /socket.io/?EIO=3&transport=polling&t=NTM4j-4 [33m404 [0m1.151 ms - 913[0m
[0mGET /socket.io/?EIO=3&transport=polling&t=NTM4kWo [33m404 [0m0.983 ms - 913[0m
[0mGET /socket.io/?EIO=3&transport=polling&t=NTM4lO4 [33m404 [0m1.840 ms - 913[0m
[0mGET /socket.io/?EIO=3&transport=polling&t=NTM4mfJ [33m404 [0m0.897 ms - 913[0m
[0mGET /socket.io/?EIO=3&transport=polling&t=NTM4nvN [33m404 [0m0.928 ms - 913[0m
[0mGET /socket.io/?EIO=3&transport=polling&t=NTM4p9Y [33m404 [0m1.020 ms - 913[0m
[0mGET /socket.io/?EIO=3&transport=polling&t=NTM4qQE [33m404 [0m0.961 ms - 913[0m
[0mGET /socket.io/?EIO=3&transport=polling&t=NTM4rgh [33m404 [0m1.002 ms - 913[0m
[0mGET /socket.io/?EIO=3&transport=polling&t=NTM4swr [33m404 [0m1.019 ms - 913[0m
[0mGET /socket.io/?EIO=3&transport=polling&t=NTM4uBP [33m404 [0m0.929 ms - 913[0m
[0mGET /socket.io/?EIO=3&transport=polling&t=NTM4vRy [33m404 [0m0.935 ms - 913[0m
[0mGET /socket.io/?EIO=3&transport=polling&t=NTM4wiT [33m404 [0m0.890 ms - 913[0m
[0mGET /socket.io/?EIO=3&transport=polling&t=NTM4xy5 [33m404 [0m0.963 ms - 913[0m
[0mGET /socket.io/?EIO=3&transport=polling&t=NTM4zBn [33m404 [0m0.938 ms - 913[0m
[0mGET /socket.io/?EIO=3&transport=polling&t=NTM4-Rv [33m404 [0m0.917 ms - 913[0m
[0mGET /socket.io/?EIO=3&transport=polling&t=NTM4_ie [33m404 [0m0.906 ms - 913[0m
[0mGET /socket.io/?EIO=3&transport=polling&t=NTM512P [33m404 [0m1.009 ms - 913[0m
[0mGET /socket.io/?EIO=3&transport=polling&t=NTM52WA [33m404 [0m1.735 ms - 913[0m
[0mGET /socket.io/?EIO=3&transport=polling&t=NTM53zw [33m404 [0m0.985 ms - 913[0m
[0mGET /socket.io/?EIO=3&transport=polling&t=NTM55Rg [33m404 [0m0.936 ms - 913[0m
[0mGET /socket.io/?EIO=3&transport=polling&t=NTM56vP [33m404 [0m0.916 ms - 913[0m
[0mGET /socket.io/?EIO=3&transport=polling&t=NTM58NA [33m404 [0m0.902 ms - 913[0m
[0mGET /socket.io/?EIO=3&transport=polling&t=NTM59qw [33m404 [0m0.963 ms - 913[0m
[0mGET /socket.io/?EIO=3&transport=polling&t=NTM5BIf [33m404 [0m0.889 ms - 913[0m
[0mGET /socket.io/?EIO=3&transport=polling&t=NTM5CmP [33m404 [0m0.900 ms - 913[0m
[0mGET /socket.io/?EIO=3&transport=polling&t=NTM5EE9 [33m404 [0m3.767 ms - 913[0m
[0mGET /socket.io/?EIO=3&transport=polling&t=NTM5Fhv [33m404 [0m0.921 ms - 913[0m
[0mGET /socket.io/?EIO=3&transport=polling&t=NTM5H9g [33m404 [0m0.917 ms - 913[0m
[0mGET /socket.io/?EIO=3&transport=polling&t=NTM5IdP [33m404 [0m0.919 ms - 913[0m
[0mGET /socket.io/?EIO=3&transport=polling&t=NTM5K59 [33m404 [0m0.911 ms - 913[0m
[0mGET /socket.io/?EIO=3&transport=polling&t=NTM5LYv [33m404 [0m0.942 ms - 913[0m
[0mGET /socket.io/?EIO=3&transport=polling&t=NTM5N0f [33m404 [0m0.934 ms - 913[0m
[0mGET /socket.io/?EIO=3&transport=polling&t=NTM5OUP [33m404 [0m4.342 ms - 913[0m
[0mGET /socket.io/?EIO=3&transport=polling&t=NTM5Py8 [33m404 [0m1.722 ms - 913[0m
[0mGET /socket.io/?EIO=3&transport=polling&t=NTM5RPv [33m404 [0m0.925 ms - 913[0m
[0mGET /socket.io/?EIO=3&transport=polling&t=NTM5Stf [33m404 [0m0.900 ms - 913[0m
[0mGET /socket.io/?EIO=3&transport=polling&t=NTM5ULP [33m404 [0m0.827 ms - 913[0m
[0mGET /socket.io/?EIO=3&transport=polling&t=NTM5Vp9 [33m404 [0m0.922 ms - 913[0m
[0mGET /socket.io/?EIO=3&transport=polling&t=NTM5XGv [33m404 [0m0.892 ms - 913[0m
[0mGET /socket.io/?EIO=3&transport=polling&t=NTM5Ykg [33m404 [0m0.928 ms - 913[0m
[0mGET /socket.io/?EIO=3&transport=polling&t=NTM5aCQ [33m404 [0m0.928 ms - 913[0m
[0mGET /socket.io/?EIO=3&transport=polling&t=NTM5bg9 [33m404 [0m1.747 ms - 913[0m
[0mGET /socket.io/?EIO=3&transport=polling&t=NTM5d7w [33m404 [0m0.962 ms - 913[0m
[0mGET /socket.io/?EIO=3&transport=polling&t=NTM5ebf [33m404 [0m0.855 ms - 913[0m
[0mGET /socket.io/?EIO=3&transport=polling&t=NTM5g3P [33m404 [0m0.921 ms - 913[0m
[0mGET /socket.io/?EIO=3&transport=polling&t=NTM5hX9 [33m404 [0m0.888 ms - 913[0m
[0mGET /socket.io/?EIO=3&transport=polling&t=NTM5i-v [33m404 [0m0.980 ms - 913[0m
[0mGET /socket.io/?EIO=3&transport=polling&t=NTM5kSf [33m404 [0m0.908 ms - 913[0m
[0mGET /socket.io/?EIO=3&transport=polling&t=NTM5lwQ [33m404 [0m0.925 ms - 913[0m
[0mGET / [32m200 [0m2.735 ms - 15723[0m
[0mGET /stylesheets/colorbox.css [36m304 [0m0.447 ms - -[0m
[0mGET /stylesheets/style.css [36m304 [0m0.289 ms - -[0m
[0mGET /javascripts/jquery.colorbox-ja.js [36m304 [0m0.723 ms - -[0m
[0mGET /javascripts/jquery.colorbox-min.js [36m304 [0m0.644 ms - -[0m
[0mGET /socket.io/socket.io.js [33m404 [0m0.968 ms - 913[0m
[0mGET /images/top-loading.gif [36m304 [0m0.297 ms - -[0m
[0mGET /build/three.module.js [36m304 [0m0.726 ms - -[0m
[0mGET /javascripts/3DMLoader.js [36m304 [0m0.677 ms - -[0m
[0mGET /javascripts/OrbitControls.js [36m304 [0m0.298 ms - -[0m
[0mGET /models/square.3dm [36m304 [0m0.744 ms - -[0m
[0mGET /models/man.3dm [36m304 [0m0.656 ms - -[0m
[0mGET /images/billboardtexture.jpg [36m304 [0m0.598 ms - -[0m
[0mGET /images/sky.png [36m304 [0m1.507 ms - -[0m
[0mGET /javascripts/rhino3dm.js [36m304 [0m0.702 ms - -[0m
[0mGET /javascripts/rhino3dm.wasm [36m304 [0m0.649 ms - -[0m
